[2013-09-12 20:14:17,296] DEBUG   
     sb  ={ "result": "success", "userId": "610101195030" }
[2013-09-12 20:14:17,296] DEBUG   
     退出doDeleteMail
[2013-09-12 20:14:17,430] DEBUG   
     进入doGetOutBoxPage 
[2013-09-12 20:14:17,430] DEBUG   
     status=   mailTitle= null type= null
[2013-09-12 20:14:17,430] DEBUG   
     endTime= null  startTime= null type= null
[2013-09-12 20:14:17,438] DEBUG   
     结束doGetOutBoxPage 
[2013-09-12 20:14:20,085] DEBUG   
     进入MailInBox doDeleteMail()
[2013-09-12 20:14:20,101] DEBUG   
     baseMailView=  [ mailId=201309121341514129812823017305598671, comId=11610101, mailTitle=投诉你, mailContent=<p>我要投诉你啊 啊 5555555555555555555555555555555555555555555555555555555555555555555555555555555555555555555555555555555555555555555555555555555555555555555555555555555555555555555555555 啊 &nbsp; &nbsp; &nbsp; &nbsp; </p>, importantLvl= , attachmentNum=0, isSendEmail=0, isSendSms=0, isSendWechat=0, isSendInstantmsg=0, status=01, sendUserId=610101195030, sendUserName=天天发商店, crtTime=20130912134151, sendTime=20130912134151, isTimingSchedule=0, scheduleTime=, isReplyMail=0, isForwardMail=0, refMailCode=201309121341514129812823017305598671, mailRef=201309121341514129812823017305598671, hasDel=0, mailType=13, slsmanId=XAPINGPAI, saledptCenterId=11610100, saledptId=11610102, isPublic= , receiveOrg=, operateStatus=0]
[2013-09-12 20:14:20,101] DEBUG   
     sb  ={ "result": "success", "userId": "610101195030" }
[2013-09-12 20:14:20,101] DEBUG   
     退出doDeleteMail
[2013-09-12 20:14:20,259] DEBUG   
     进入doGetOutBoxPage 
[2013-09-12 20:14:20,259] DEBUG   
     status=   mailTitle= null type= null
[2013-09-12 20:14:20,259] DEBUG   
     endTime= null  startTime= null type= null
[2013-09-12 20:14:20,267] DEBUG   
     结束doGetOutBoxPage 
[2013-09-12 20:14:22,646] DEBUG   
     进入MailInBox doDeleteMail()
[2013-09-12 20:14:22,663] DEBUG   
     baseMailView=  [ mailId=201309121905050530918737991856118853, comId=11610101, mailTitle=测试客户经理, mailContent=<p>测试客户经理</p>, importantLvl= , attachmentNum=0, isSendEmail=0, isSendSms=0, isSendWechat=0, isSendInstantmsg=0, status=01, sendUserId=610101195030, sendUserName=天天发商店, crtTime=20130912190505, sendTime=20130912190530, isTimingSchedule=0, scheduleTime=, isReplyMail=0, isForwardMail=0, refMailCode=201309121905050530918737991856118853, mailRef=201309121905050530918737991856118853, hasDel=0, mailType=14, slsmanId=XAPINGPAI, saledptCenterId=11610100, saledptId=11610102, isPublic= , receiveOrg=, operateStatus=0]
[2013-09-12 20:14:22,663] DEBUG   
     sb  ={ "result": "success", "userId": "610101195030" }
[2013-09-12 20:14:22,663] DEBUG   
     退出doDeleteMail
[2013-09-12 20:14:22,781] DEBUG   
     进入doGetOutBoxPage 
[2013-09-12 20:14:22,782] DEBUG   
     status=   mailTitle= null type= null
[2013-09-12 20:14:22,782] DEBUG   
     endTime= null  startTime= null type= null
[2013-09-12 20:14:22,788] DEBUG   
     结束doGetOutBoxPage 
[2013-09-12 20:14:25,349] DEBUG   
     进入MailInBox doDeleteMail()
[2013-09-12 20:14:25,361] DEBUG   
     baseMailView=  [ mailId=201309121925072590311381874289117741, comId=11610101, mailTitle=s, mailContent=<p>s<br /></p>, importantLvl= , attachmentNum=0, isSendEmail=0, isSendSms=0, isSendWechat=0, isSendInstantmsg=0, status=00, sendUserId=610101195030, sendUserName=天天发商店, crtTime=20130912192507, sendTime=20130912192507, isTimingSchedule=0, scheduleTime=, isReplyMail=0, isForwardMail=0, refMailCode=201309121925072590311381874289117741, mailRef=201309121925072590311381874289117741, hasDel=0, mailType=14, slsmanId=1161010200000001, saledptCenterId=11610100, saledptId=11610102, isPublic= , receiveOrg=, operateStatus=0]
[2013-09-12 20:14:25,361] DEBUG   
     sb  ={ "result": "success", "userId": "610101195030" }
[2013-09-12 20:14:25,361] DEBUG   
     退出doDeleteMail
[2013-09-12 20:14:25,485] DEBUG   
     进入doGetOutBoxPage 
[2013-09-12 20:14:25,485] DEBUG   
     status=   mailTitle= null type= null
[2013-09-12 20:14:25,485] DEBUG   
     endTime= null  startTime= null type= null
[2013-09-12 20:14:25,489] DEBUG   
     结束doGetOutBoxPage 
[2013-09-12 20:14:30,629] DEBUG   
     GetmailList开始。。。
[2013-09-12 20:14:30,629] DEBUG   
     map = {saledptcenterid=, saledptid=, time1=20130900000000, time2=20130999999999, comid=11610101, slsmanid=}
[2013-09-12 20:14:30,633] DEBUG   
     List = [{ORG=11610100, SUM_MAIL=0, SUM_ELSE=0, SUM_MSG=3, SUM_OPE_MSG=0, SUM_CPL=2, SUM_UNOPE_MSG=3, SUM_OPE_SUG=0, SUM_OPE_ELSE=0, SUM_UNOPE_ELSE=0, SUM_OPE_CPL=0, SUM_OPE_MAIL=0, SUM_SUG=0, SUM_UNOPE_SUG=0, SUM_UNOPE_CPL=2, SUM_UNOPE_MAIL=0}]
[2013-09-12 20:14:37,873] DEBUG   
     GetmailList开始。。。
[2013-09-12 20:14:37,873] DEBUG   
     map = {saledptcenterid=, saledptid=, time1=20130900000000, time2=20130999999999, comid=11610101, slsmanid=}
[2013-09-12 20:14:37,877] DEBUG   
     List = [{ORG=11610100, SUM_MAIL=0, SUM_ELSE=0, SUM_MSG=3, SUM_OPE_MSG=0, SUM_CPL=2, SUM_UNOPE_MSG=3, SUM_OPE_SUG=0, SUM_OPE_ELSE=0, SUM_UNOPE_ELSE=0, SUM_OPE_CPL=0, SUM_OPE_MAIL=0, SUM_SUG=0, SUM_UNOPE_SUG=0, SUM_UNOPE_CPL=2, SUM_UNOPE_MAIL=0}]
[2013-09-12 20:14:41,066] DEBUG   
     总数详细=[{SEND_USER_ID=19000, MAIL_TITLE=给客户经理留言, SEND_USER_NAME=管理员9000, MAIL_CONTENT=com.ibm.db2.jcc.a.ec@12e812e8, SCHEDULE_TIME=}, {SEND_USER_ID=610101195030, MAIL_TITLE=留言, SEND_USER_NAME=天天发商店, MAIL_CONTENT=com.ibm.db2.jcc.a.ec@144f144f, SCHEDULE_TIME=}, {SEND_USER_ID=610101195030, MAIL_TITLE=他反而个人, SEND_USER_NAME=天天发商店, MAIL_CONTENT=com.ibm.db2.jcc.a.ec@15431543, SCHEDULE_TIME=}, {SEND_USER_ID=610101195030, MAIL_TITLE=测试客户经理, SEND_USER_NAME=天天发商店, MAIL_CONTENT=com.ibm.db2.jcc.a.ec@16361636, SCHEDULE_TIME=}, {SEND_USER_ID=610101195030, MAIL_TITLE=s, SEND_USER_NAME=天天发商店, MAIL_CONTENT=com.ibm.db2.jcc.a.ec@17261726, SCHEDULE_TIME=}]
[2013-09-12 20:14:56,201] DEBUG   
     进入doGetInBoxPage 
[2013-09-12 20:14:56,201] DEBUG   
     status=   mailTitle= null type= null
[2013-09-12 20:14:56,201] DEBUG   
     endTime= null  startTime= null type= null
[2013-09-12 20:14:57,396] DEBUG   
     进入doGetOutBoxPage 
[2013-09-12 20:14:57,396] DEBUG   
     status=   mailTitle= null type= null
[2013-09-12 20:14:57,396] DEBUG   
     endTime= null  startTime= null type= null
[2013-09-12 20:14:57,401] DEBUG   
     结束doGetOutBoxPage 
[2013-09-12 20:14:59,027] DEBUG   
     进入doGetInBoxPage 
[2013-09-12 20:14:59,027] DEBUG   
     status=   mailTitle= null type= null
[2013-09-12 20:14:59,027] DEBUG   
     endTime= null  startTime= null type= null
[2013-09-12 20:15:09,515] DEBUG   
     GetmailList开始。。。
[2013-09-12 20:15:09,515] DEBUG   
     map = {saledptcenterid=, saledptid=, time1=20130900000000, time2=20130999999999, comid=11610101, slsmanid=}
[2013-09-12 20:15:09,519] DEBUG   
     List = [{ORG=11610100, SUM_MAIL=0, SUM_ELSE=0, SUM_MSG=3, SUM_OPE_MSG=0, SUM_CPL=2, SUM_UNOPE_MSG=3, SUM_OPE_SUG=0, SUM_OPE_ELSE=0, SUM_UNOPE_ELSE=0, SUM_OPE_CPL=0, SUM_OPE_MAIL=0, SUM_SUG=0, SUM_UNOPE_SUG=0, SUM_UNOPE_CPL=2, SUM_UNOPE_MAIL=0}]
[2013-09-12 20:15:12,453] DEBUG   
     总数详细=[{SEND_USER_ID=19000, MAIL_TITLE=给客户经理留言, SEND_USER_NAME=管理员9000, MAIL_CONTENT=com.ibm.db2.jcc.a.ec@3afc3afc, SCHEDULE_TIME=}, {SEND_USER_ID=610101195030, MAIL_TITLE=留言, SEND_USER_NAME=天天发商店, MAIL_CONTENT=com.ibm.db2.jcc.a.ec@3c023c02, SCHEDULE_TIME=}, {SEND_USER_ID=610101195030, MAIL_TITLE=他反而个人, SEND_USER_NAME=天天发商店, MAIL_CONTENT=com.ibm.db2.jcc.a.ec@3cf63cf6, SCHEDULE_TIME=}, {SEND_USER_ID=610101195030, MAIL_TITLE=测试客户经理, SEND_USER_NAME=天天发商店, MAIL_CONTENT=com.ibm.db2.jcc.a.ec@41634163, SCHEDULE_TIME=}, {SEND_USER_ID=610101195030, MAIL_TITLE=s, SEND_USER_NAME=天天发商店, MAIL_CONTENT=com.ibm.db2.jcc.a.ec@45464546, SCHEDULE_TIME=}]
[2013-09-12 20:18:01,785] DEBUG   
     GetmailList开始。。。
[2013-09-12 20:18:01,785] DEBUG   
     map = {saledptcenterid=, saledptid=, time1=20130900000000, time2=20130999999999, comid=11610101, slsmanid=}
[2013-09-12 20:18:01,789] DEBUG   
     List = [{ORG=11610100, SUM_MAIL=0, SUM_ELSE=0, SUM_MSG=1, SUM_OPE_MSG=0, SUM_CPL=1, SUM_UNOPE_MSG=1, SUM_OPE_SUG=0, SUM_OPE_ELSE=0, SUM_UNOPE_ELSE=0, SUM_OPE_CPL=0, SUM_OPE_MAIL=0, SUM_SUG=0, SUM_UNOPE_SUG=0, SUM_UNOPE_CPL=1, SUM_UNOPE_MAIL=0}]
[2013-09-12 20:18:05,241] DEBUG   
     总数详细=[{SEND_USER_ID=19000, MAIL_TITLE=给客户经理留言, SEND_USER_NAME=管理员9000, MAIL_CONTENT=com.ibm.db2.jcc.a.ec@72ed72ed, SCHEDULE_TIME=}]
[2013-09-12 20:18:22,474] DEBUG   
     GetmailList开始。。。
[2013-09-12 20:18:22,474] DEBUG   
     map = {saledptcenterid=11610100, saledptid=, time1=20130900000000, time2=20130999999999, comid=11610101, slsmanid=}
[2013-09-12 20:18:22,478] DEBUG   
     List = [{ORG=11610102, SUM_MAIL=0, SUM_ELSE=0, SUM_MSG=1, SUM_OPE_MSG=0, SUM_CPL=1, SUM_UNOPE_MSG=1, SUM_OPE_SUG=0, SUM_OPE_ELSE=0, SUM_UNOPE_ELSE=0, SUM_OPE_CPL=0, SUM_OPE_MAIL=0, SUM_SUG=0, SUM_UNOPE_SUG=0, SUM_UNOPE_CPL=1, SUM_UNOPE_MAIL=0}]
[2013-09-12 20:18:26,042] DEBUG   
     总数详细=[{SEND_USER_ID=19000, MAIL_TITLE=投诉, SEND_USER_NAME=管理员9000, MAIL_CONTENT=com.ibm.db2.jcc.a.ec@244c244c, SCHEDULE_TIME=}]
[2013-09-12 20:18:32,505] DEBUG   
     GetmailList开始。。。
[2013-09-12 20:18:32,505] DEBUG   
     map = {saledptcenterid=, saledptid=11610102, time1=20130900000000, time2=20130999999999, comid=11610101, slsmanid=}
[2013-09-12 20:18:32,509] DEBUG   
     List = []
[2013-09-12 20:18:32,509] DEBUG   
     判断客户经理开始。。。
[2013-09-12 20:18:32,511] DEBUG   
     所有客户经理=[{SLSMAN_NAME=(新)孙莉娜}, {SLSMAN_NAME=(新)王萍}, {SLSMAN_NAME=(新)张传印}, {SLSMAN_NAME=(新)王峰}, {SLSMAN_NAME=(新)赵梅琦}, {SLSMAN_NAME=(新)张萌}, {SLSMAN_NAME=(新)陈菲}, {SLSMAN_NAME=(新)樊新宏}, {SLSMAN_NAME=(新)陈重}, {SLSMAN_NAME=(新)肖明}, {SLSMAN_NAME=(新)李健}, {SLSMAN_NAME=庞玮玲}, {SLSMAN_NAME=张君镇}, {SLSMAN_NAME=叶葳}, {SLSMAN_NAME=(新)马天跃}, {SLSMAN_NAME=(新)张军政}]
[2013-09-12 20:18:32,511] DEBUG   
     有数据的客户经理数=0
[2013-09-12 20:18:43,436] DEBUG   
     进入doGetInBoxPage 
[2013-09-12 20:18:43,436] DEBUG   
     status=   mailTitle= null type= null
[2013-09-12 20:18:43,436] DEBUG   
     endTime= null  startTime= null type= null
[2013-09-12 20:18:46,206] DEBUG   
     进入doGetOutBoxPage 
[2013-09-12 20:18:46,206] DEBUG   
     status=   mailTitle= null type= null
[2013-09-12 20:18:46,206] DEBUG   
     endTime= null  startTime= null type= null
[2013-09-12 20:18:46,211] DEBUG   
     结束doGetOutBoxPage 
[2013-09-12 20:18:47,617] DEBUG   
     进入MailLeaveMessage execute()
[2013-09-12 20:18:47,617] DEBUG   
     flag=3
[2013-09-12 20:18:52,289] DEBUG   
     进入MailLeaveMessage execute()
[2013-09-12 20:18:52,289] DEBUG   
     flag=3
[2013-09-12 20:18:54,177] DEBUG   
     进入MailLeaveMessage execute()
[2013-09-12 20:18:54,177] DEBUG   
     flag=3
[2013-09-12 20:19:13,820] DEBUG   
     进入MailLeaveMessage execute()
[2013-09-12 20:19:13,820] DEBUG   
     flag=3
[2013-09-12 20:19:18,588] DEBUG   
     进入doGetOutBoxPage 
[2013-09-12 20:19:18,588] DEBUG   
     status=   mailTitle= null type= null
[2013-09-12 20:19:18,588] DEBUG   
     endTime= null  startTime= null type= null
[2013-09-12 20:19:18,593] DEBUG   
     结束doGetOutBoxPage 
[2013-09-12 20:19:19,627] DEBUG   
     进入MailLeaveMessage execute()
[2013-09-12 20:19:19,627] DEBUG   
     flag=3
[2013-09-12 20:19:26,500] DEBUG   
     进入MailLeaveMessage execute()
[2013-09-12 20:19:26,501] DEBUG   
     flag=3
[2013-09-12 20:19:34,701] DEBUG   
     进入MailLeaveMessage execute()
[2013-09-12 20:19:34,701] DEBUG   
     flag=3
[2013-09-12 20:19:47,327] DEBUG   
     GetmailList开始。。。
[2013-09-12 20:19:47,327] DEBUG   
     map = {saledptcenterid=, saledptid=11610122, time1=20130902000000, time2=20130908999999, comid=11610101, slsmanid=}
[2013-09-12 20:19:47,337] DEBUG   
     List = []
[2013-09-12 20:19:47,337] DEBUG   
     判断客户经理开始。。。
[2013-09-12 20:19:47,348] DEBUG   
     所有客户经理=[{SLSMAN_NAME=(蓝)寇缠振}, {SLSMAN_NAME=(蓝)惠迎春}, {SLSMAN_NAME=(蓝)朱明娜}, {SLSMAN_NAME=(蓝)张红英}, {SLSMAN_NAME=(蓝)代向儒}, {SLSMAN_NAME=(蓝)王燕}, {SLSMAN_NAME=(蓝)于琳红}, {SLSMAN_NAME=(蓝)任小云}, {SLSMAN_NAME=(蓝)薛妮}, {SLSMAN_NAME=(蓝)王宁}, {SLSMAN_NAME=(蓝)张海英}, {SLSMAN_NAME=(蓝)崔小妮}, {SLSMAN_NAME=(蓝)焦小莉}, {SLSMAN_NAME=(蓝)薛红梅}, {SLSMAN_NAME=(蓝)刘英娟}, {SLSMAN_NAME=(蓝)于琳}, {SLSMAN_NAME=(蓝)杨惠}, {SLSMAN_NAME=(蓝)马小侠}, {SLSMAN_NAME=(蓝)马养川}, {SLSMAN_NAME=(蓝)阮琳煜}, {SLSMAN_NAME=(蓝)张娟妮}, {SLSMAN_NAME=(蓝)宋卫超}, {SLSMAN_NAME=(蓝)王建兴}, {SLSMAN_NAME=(蓝)赵文帆}, {SLSMAN_NAME=胡端荣}]
[2013-09-12 20:19:47,348] DEBUG   
     有数据的客户经理数=0
[2013-09-12 20:19:47,835] DEBUG   
     GetmailList开始。。。
[2013-09-12 20:19:47,835] DEBUG   
     map = {saledptcenterid=, saledptid=11610122, time1=20130909000000, time2=20130912999999, comid=11610101, slsmanid=}
[2013-09-12 20:19:47,845] DEBUG   
     List = []
[2013-09-12 20:19:47,845] DEBUG   
     判断客户经理开始。。。
[2013-09-12 20:19:47,847] DEBUG   
     所有客户经理=[{SLSMAN_NAME=(蓝)寇缠振}, {SLSMAN_NAME=(蓝)惠迎春}, {SLSMAN_NAME=(蓝)朱明娜}, {SLSMAN_NAME=(蓝)张红英}, {SLSMAN_NAME=(蓝)代向儒}, {SLSMAN_NAME=(蓝)王燕}, {SLSMAN_NAME=(蓝)于琳红}, {SLSMAN_NAME=(蓝)任小云}, {SLSMAN_NAME=(蓝)薛妮}, {SLSMAN_NAME=(蓝)王宁}, {SLSMAN_NAME=(蓝)张海英}, {SLSMAN_NAME=(蓝)崔小妮}, {SLSMAN_NAME=(蓝)焦小莉}, {SLSMAN_NAME=(蓝)薛红梅}, {SLSMAN_NAME=(蓝)刘英娟}, {SLSMAN_NAME=(蓝)于琳}, {SLSMAN_NAME=(蓝)杨惠}, {SLSMAN_NAME=(蓝)马小侠}, {SLSMAN_NAME=(蓝)马养川}, {SLSMAN_NAME=(蓝)阮琳煜}, {SLSMAN_NAME=(蓝)张娟妮}, {SLSMAN_NAME=(蓝)宋卫超}, {SLSMAN_NAME=(蓝)王建兴}, {SLSMAN_NAME=(蓝)赵文帆}, {SLSMAN_NAME=胡端荣}]
[2013-09-12 20:19:47,847] DEBUG   
     有数据的客户经理数=0
[2013-09-12 20:19:48,324] DEBUG   
     GetmailList开始。。。
[2013-09-12 20:19:48,324] DEBUG   
     map = {saledptcenterid=, saledptid=11610122, time1=20130912000000, time2=20130912235959, comid=11610101, slsmanid=}
[2013-09-12 20:19:48,334] DEBUG   
     List = []
[2013-09-12 20:19:48,334] DEBUG   
     判断客户经理开始。。。
[2013-09-12 20:19:48,336] DEBUG   
     所有客户经理=[{SLSMAN_NAME=(蓝)寇缠振}, {SLSMAN_NAME=(蓝)惠迎春}, {SLSMAN_NAME=(蓝)朱明娜}, {SLSMAN_NAME=(蓝)张红英}, {SLSMAN_NAME=(蓝)代向儒}, {SLSMAN_NAME=(蓝)王燕}, {SLSMAN_NAME=(蓝)于琳红}, {SLSMAN_NAME=(蓝)任小云}, {SLSMAN_NAME=(蓝)薛妮}, {SLSMAN_NAME=(蓝)王宁}, {SLSMAN_NAME=(蓝)张海英}, {SLSMAN_NAME=(蓝)崔小妮}, {SLSMAN_NAME=(蓝)焦小莉}, {SLSMAN_NAME=(蓝)薛红梅}, {SLSMAN_NAME=(蓝)刘英娟}, {SLSMAN_NAME=(蓝)于琳}, {SLSMAN_NAME=(蓝)杨惠}, {SLSMAN_NAME=(蓝)马小侠}, {SLSMAN_NAME=(蓝)马养川}, {SLSMAN_NAME=(蓝)阮琳煜}, {SLSMAN_NAME=(蓝)张娟妮}, {SLSMAN_NAME=(蓝)宋卫超}, {SLSMAN_NAME=(蓝)王建兴}, {SLSMAN_NAME=(蓝)赵文帆}, {SLSMAN_NAME=胡端荣}]
[2013-09-12 20:19:48,336] DEBUG   
     有数据的客户经理数=0
[2013-09-12 20:19:49,260] DEBUG   
     GetmailList开始。。。
[2013-09-12 20:19:49,260] DEBUG   
     map = {saledptcenterid=, saledptid=11610122, time1=20130900000000, time2=20130999999999, comid=11610101, slsmanid=}
[2013-09-12 20:19:49,270] DEBUG   
     List = []
[2013-09-12 20:19:49,270] DEBUG   
     判断客户经理开始。。。
[2013-09-12 20:19:49,272] DEBUG   
     所有客户经理=[{SLSMAN_NAME=(蓝)寇缠振}, {SLSMAN_NAME=(蓝)惠迎春}, {SLSMAN_NAME=(蓝)朱明娜}, {SLSMAN_NAME=(蓝)张红英}, {SLSMAN_NAME=(蓝)代向儒}, {SLSMAN_NAME=(蓝)王燕}, {SLSMAN_NAME=(蓝)于琳红}, {SLSMAN_NAME=(蓝)任小云}, {SLSMAN_NAME=(蓝)薛妮}, {SLSMAN_NAME=(蓝)王宁}, {SLSMAN_NAME=(蓝)张海英}, {SLSMAN_NAME=(蓝)崔小妮}, {SLSMAN_NAME=(蓝)焦小莉}, {SLSMAN_NAME=(蓝)薛红梅}, {SLSMAN_NAME=(蓝)刘英娟}, {SLSMAN_NAME=(蓝)于琳}, {SLSMAN_NAME=(蓝)杨惠}, {SLSMAN_NAME=(蓝)马小侠}, {SLSMAN_NAME=(蓝)马养川}, {SLSMAN_NAME=(蓝)阮琳煜}, {SLSMAN_NAME=(蓝)张娟妮}, {SLSMAN_NAME=(蓝)宋卫超}, {SLSMAN_NAME=(蓝)王建兴}, {SLSMAN_NAME=(蓝)赵文帆}, {SLSMAN_NAME=胡端荣}]
[2013-09-12 20:19:49,272] DEBUG   
     有数据的客户经理数=0
[2013-09-12 20:19:52,594] DEBUG   
     GetmailList开始。。。
[2013-09-12 20:19:52,595] DEBUG   
     map = {saledptcenterid=, saledptid=, time1=20130900000000, time2=20130999999999, comid=11610101, slsmanid=}
[2013-09-12 20:19:52,598] DEBUG   
     List = [{ORG=11610100, SUM_MAIL=0, SUM_ELSE=0, SUM_MSG=1, SUM_OPE_MSG=0, SUM_CPL=1, SUM_UNOPE_MSG=1, SUM_OPE_SUG=0, SUM_OPE_ELSE=0, SUM_UNOPE_ELSE=0, SUM_OPE_CPL=0, SUM_OPE_MAIL=0, SUM_SUG=0, SUM_UNOPE_SUG=0, SUM_UNOPE_CPL=1, SUM_UNOPE_MAIL=0}]
[2013-09-12 20:19:53,124] DEBUG   
     GetmailList开始。。。
[2013-09-12 20:19:53,124] DEBUG   
     map = {saledptcenterid=, saledptid=, time1=20130902000000, time2=20130908999999, comid=11610101, slsmanid=}
[2013-09-12 20:19:53,144] DEBUG   
     List = [{ORG=11610100, SUM_MAIL=0, SUM_ELSE=0, SUM_MSG=1, SUM_OPE_MSG=0, SUM_CPL=1, SUM_UNOPE_MSG=1, SUM_OPE_SUG=0, SUM_OPE_ELSE=0, SUM_UNOPE_ELSE=0, SUM_OPE_CPL=0, SUM_OPE_MAIL=0, SUM_SUG=0, SUM_UNOPE_SUG=0, SUM_UNOPE_CPL=1, SUM_UNOPE_MAIL=0}]
[2013-09-12 20:19:54,355] DEBUG   
     GetmailList开始。。。
[2013-09-12 20:19:54,355] DEBUG   
     map = {saledptcenterid=, saledptid=, time1=20130909000000, time2=20130912999999, comid=11610101, slsmanid=}
[2013-09-12 20:19:54,364] DEBUG   
     List = []
[2013-09-12 20:19:54,366] DEBUG   
     List = []
[2013-09-12 20:19:55,147] DEBUG   
     GetmailList开始。。。
[2013-09-12 20:19:55,147] DEBUG   
     map = {saledptcenterid=, saledptid=, time1=20130912000000, time2=20130912235959, comid=11610101, slsmanid=}
[2013-09-12 20:19:55,156] DEBUG   
     List = []
[2013-09-12 20:19:55,158] DEBUG   
     List = []
[2013-09-12 20:20:14,775] DEBUG   
     GetmailList开始。。。
[2013-09-12 20:20:14,775] DEBUG   
     map = {saledptcenterid=, saledptid=, time1=20130900000000, time2=20130999999999, comid=11610101, slsmanid=}
[2013-09-12 20:20:14,778] DEBUG   
     List = [{ORG=11610100, SUM_MAIL=0, SUM_ELSE=0, SUM_MSG=1, SUM_OPE_MSG=0, SUM_CPL=1, SUM_UNOPE_MSG=1, SUM_OPE_SUG=0, SUM_OPE_ELSE=0, SUM_UNOPE_ELSE=0, SUM_OPE_CPL=0, SUM_OPE_MAIL=0, SUM_SUG=0, SUM_UNOPE_SUG=0, SUM_UNOPE_CPL=1, SUM_UNOPE_MAIL=0}]
[2013-09-12 20:20:16,706] DEBUG   
     总数详细=[{SEND_USER_ID=19000, MAIL_TITLE=给客户经理留言, SEND_USER_NAME=管理员9000, MAIL_CONTENT=com.ibm.db2.jcc.a.ec@2ee42ee4, SCHEDULE_TIME=}]
[2013-09-12 20:20:48,150] DEBUG   
     GetmailList开始。。。
[2013-09-12 20:20:48,150] DEBUG   
     map = {saledptcenterid=, saledptid=, time1=20130900000000, time2=20130999999999, comid=11610101, slsmanid=}
[2013-09-12 20:20:48,153] DEBUG   
     List = [{ORG=11610100, SUM_MAIL=0, SUM_ELSE=0, SUM_MSG=1, SUM_OPE_MSG=0, SUM_CPL=1, SUM_UNOPE_MSG=1, SUM_OPE_SUG=0, SUM_OPE_ELSE=0, SUM_UNOPE_ELSE=0, SUM_OPE_CPL=0, SUM_OPE_MAIL=0, SUM_SUG=0, SUM_UNOPE_SUG=0, SUM_UNOPE_CPL=1, SUM_UNOPE_MAIL=0}]
[2013-09-12 20:20:50,061] DEBUG   
     总数详细=[{SEND_USER_ID=19000, MAIL_TITLE=给客户经理留言, SEND_USER_NAME=管理员9000, MAIL_CONTENT=com.ibm.db2.jcc.a.ec@2f312f31, SCHEDULE_TIME=}]
[2013-09-12 20:20:55,679] DEBUG   
     总数详细=[{SEND_USER_ID=19000, MAIL_TITLE=给客户经理留言, SEND_USER_NAME=管理员9000, MAIL_CONTENT=com.ibm.db2.jcc.a.ec@4bc14bc1, SCHEDULE_TIME=}]
[2013-09-12 20:21:10,648] DEBUG   
     List = [{SEND_USER_ID=19000, MAIL_TITLE=投诉, SEND_USER_NAME=管理员9000, MAIL_CONTENT=com.ibm.db2.jcc.a.ec@51c451c4, SCHEDULE_TIME=}]
[2013-09-12 20:21:16,457] DEBUG   
     List = [{SEND_USER_ID=19000, MAIL_TITLE=投诉, SEND_USER_NAME=管理员9000, MAIL_CONTENT=com.ibm.db2.jcc.a.ec@2b322b32, SCHEDULE_TIME=}]
[2013-09-12 20:25:21,514] DEBUG   
     GetmailList开始。。。
[2013-09-12 20:25:21,514] DEBUG   
     map = {saledptcenterid=, saledptid=, time1=20130900000000, time2=20130999999999, comid=11610101, slsmanid=}
[2013-09-12 20:25:21,517] DEBUG   
     List = [{ORG=11610100, SUM_MAIL=0, SUM_ELSE=0, SUM_MSG=1, SUM_OPE_MSG=0, SUM_CPL=1, SUM_UNOPE_MSG=1, SUM_OPE_SUG=0, SUM_OPE_ELSE=0, SUM_UNOPE_ELSE=0, SUM_OPE_CPL=0, SUM_OPE_MAIL=0, SUM_SUG=0, SUM_UNOPE_SUG=0, SUM_UNOPE_CPL=1, SUM_UNOPE_MAIL=0}]
[2013-09-12 20:25:23,865] DEBUG   
     总数详细=[{SEND_USER_ID=19000, MAIL_TITLE=给客户经理留言, SEND_USER_NAME=管理员9000, MAIL_CONTENT=com.ibm.db2.jcc.a.ec@718b718b, SCHEDULE_TIME=}]
[2013-09-12 20:26:51,203] DEBUG   
     GetmailList开始。。。
[2013-09-12 20:26:51,203] DEBUG   
     map = {saledptcenterid=, saledptid=, time1=20130900000000, time2=20130999999999, comid=11610101, slsmanid=}
[2013-09-12 20:26:51,207] DEBUG   
     List = [{ORG=11610100, SUM_MAIL=0, SUM_ELSE=0, SUM_MSG=1, SUM_OPE_MSG=0, SUM_CPL=1, SUM_UNOPE_MSG=1, SUM_OPE_SUG=0, SUM_OPE_ELSE=0, SUM_UNOPE_ELSE=0, SUM_OPE_CPL=0, SUM_OPE_MAIL=0, SUM_SUG=0, SUM_UNOPE_SUG=0, SUM_UNOPE_CPL=1, SUM_UNOPE_MAIL=0}]
[2013-09-12 20:26:53,936] DEBUG   
     总数详细=[{SEND_USER_ID=19000, MAIL_TITLE=给客户经理留言, SEND_USER_NAME=管理员9000, MAIL_CONTENT=com.ibm.db2.jcc.a.ec@3ed13ed1, SCHEDULE_TIME=}]
[2013-09-12 20:27:39,838] DEBUG   
     总数详细=[{SEND_USER_ID=19000, MAIL_TITLE=给客户经理留言, SEND_USER_NAME=管理员9000, MAIL_CONTENT=com.ibm.db2.jcc.a.ec@74da74da, SCHEDULE_TIME=}]
[2013-09-12 20:28:22,992] DEBUG   
     GetmailList开始。。。
[2013-09-12 20:28:22,992] DEBUG   
     map = {saledptcenterid=, saledptid=, time1=20130900000000, time2=20130999999999, comid=11610101, slsmanid=}
[2013-09-12 20:28:22,997] DEBUG   
     List = [{ORG=11610100, SUM_MAIL=0, SUM_ELSE=0, SUM_MSG=1, SUM_OPE_MSG=0, SUM_CPL=1, SUM_UNOPE_MSG=1, SUM_OPE_SUG=0, SUM_OPE_ELSE=0, SUM_UNOPE_ELSE=0, SUM_OPE_CPL=0, SUM_OPE_MAIL=0, SUM_SUG=0, SUM_UNOPE_SUG=0, SUM_UNOPE_CPL=1, SUM_UNOPE_MAIL=0}]
[2013-09-12 20:28:27,127] DEBUG   
     总数详细=[{SEND_USER_ID=19000, MAIL_TITLE=给客户经理留言, SEND_USER_NAME=管理员9000, MAIL_CONTENT=com.ibm.db2.jcc.a.ec@42ec42ec, SCHEDULE_TIME=}]
[2013-09-12 20:28:57,769] DEBUG   
     GetmailList开始。。。
[2013-09-12 20:28:57,769] DEBUG   
     map = {saledptcenterid=, saledptid=, time1=20130900000000, time2=20130999999999, comid=11610101, slsmanid=}
[2013-09-12 20:28:57,772] DEBUG   
     List = [{ORG=11610100, SUM_MAIL=0, SUM_ELSE=0, SUM_MSG=1, SUM_OPE_MSG=0, SUM_CPL=1, SUM_UNOPE_MSG=1, SUM_OPE_SUG=0, SUM_OPE_ELSE=0, SUM_UNOPE_ELSE=0, SUM_OPE_CPL=0, SUM_OPE_MAIL=0, SUM_SUG=0, SUM_UNOPE_SUG=0, SUM_UNOPE_CPL=1, SUM_UNOPE_MAIL=0}]
[2013-09-12 20:28:59,962] DEBUG   
     总数详细=[{SEND_USER_ID=19000, MAIL_TITLE=给客户经理留言, SEND_USER_NAME=管理员9000, MAIL_CONTENT=com.ibm.db2.jcc.a.ec@df30df3, SCHEDULE_TIME=}]
[2013-09-12 20:43:01,076] DEBUG   
     总数详细=[{SEND_USER_ID=19000, MAIL_TITLE=给客户经理留言, SEND_USER_NAME=管理员9000, MAIL_CONTENT=com.ibm.db2.jcc.a.ec@58a458a4, SCHEDULE_TIME=}]
[2013-09-12 20:45:48,259] DEBUG   
     GetmailList开始。。。
[2013-09-12 20:45:48,259] DEBUG   
     map = {saledptcenterid=, saledptid=, time1=20130900000000, time2=20130999999999, comid=11610101, slsmanid=}
[2013-09-12 20:45:48,263] DEBUG   
     List = [{ORG=11610100, SUM_MAIL=0, SUM_ELSE=0, SUM_MSG=1, SUM_OPE_MSG=0, SUM_CPL=1, SUM_UNOPE_MSG=1, SUM_OPE_SUG=0, SUM_OPE_ELSE=0, SUM_UNOPE_ELSE=0, SUM_OPE_CPL=0, SUM_OPE_MAIL=0, SUM_SUG=0, SUM_UNOPE_SUG=0, SUM_UNOPE_CPL=1, SUM_UNOPE_MAIL=0}]
[2013-09-12 20:45:53,879] DEBUG   
     总数详细=[{SEND_USER_ID=19000, MAIL_TITLE=给客户经理留言, SEND_USER_NAME=管理员9000, MAIL_CONTENT=com.ibm.db2.jcc.a.ec@4c4b4c4b, SCHEDULE_TIME=}]
[2013-09-13 08:32:34,512] DEBUG   
     GetmailList开始。。。
[2013-09-13 08:32:34,520] DEBUG   
     map = {saledptcenterid=, saledptid=, time1=20130900000000, time2=20130999999999, comid=11610101, slsmanid=}
[2013-09-13 08:32:34,564] DEBUG   
     List = [{ORG=11610100, SUM_MAIL=0, SUM_ELSE=0, SUM_MSG=1, SUM_OPE_MSG=0, SUM_CPL=1, SUM_UNOPE_MSG=1, SUM_OPE_SUG=0, SUM_OPE_ELSE=0, SUM_UNOPE_ELSE=0, SUM_OPE_CPL=0, SUM_OPE_MAIL=0, SUM_SUG=0, SUM_UNOPE_SUG=0, SUM_UNOPE_CPL=1, SUM_UNOPE_MAIL=0}]
[2013-09-13 08:32:37,162] DEBUG   
     总数详细=[{SEND_USER_ID=19000, MAIL_TITLE=给客户经理留言, SEND_USER_NAME=管理员9000, MAIL_CONTENT=com.ibm.db2.jcc.a.ec@7e1d7e1d, SCHEDULE_TIME=}]
[2013-09-13 08:33:01,161] DEBUG   
     GetmailList开始。。。
[2013-09-13 08:33:01,161] DEBUG   
     map = {saledptcenterid=, saledptid=, time1=20130900000000, time2=20130999999999, comid=11610101, slsmanid=}
[2013-09-13 08:33:01,166] DEBUG   
     List = [{ORG=11610100, SUM_MAIL=0, SUM_ELSE=0, SUM_MSG=1, SUM_OPE_MSG=0, SUM_CPL=1, SUM_UNOPE_MSG=1, SUM_OPE_SUG=0, SUM_OPE_ELSE=0, SUM_UNOPE_ELSE=0, SUM_OPE_CPL=0, SUM_OPE_MAIL=0, SUM_SUG=0, SUM_UNOPE_SUG=0, SUM_UNOPE_CPL=1, SUM_UNOPE_MAIL=0}]
[2013-09-13 08:33:05,769] DEBUG   
     List = [{SEND_USER_ID=19000, MAIL_TITLE=给客户经理留言, SEND_USER_NAME=管理员9000, MAIL_CONTENT=com.ibm.db2.jcc.a.ec@5a645a64, SCHEDULE_TIME=}]
[2013-09-13 08:39:41,247] DEBUG   
     GetmailList开始。。。
[2013-09-13 08:39:41,255] DEBUG   
     map = {saledptcenterid=, saledptid=, time1=20130900000000, time2=20130999999999, comid=11610101, slsmanid=}
[2013-09-13 08:39:41,260] DEBUG   
     List = [{ORG=11610100, SUM_MAIL=0, SUM_ELSE=0, SUM_MSG=1, SUM_OPE_MSG=0, SUM_CPL=1, SUM_UNOPE_MSG=1, SUM_OPE_SUG=0, SUM_OPE_ELSE=0, SUM_UNOPE_ELSE=0, SUM_OPE_CPL=0, SUM_OPE_MAIL=0, SUM_SUG=0, SUM_UNOPE_SUG=0, SUM_UNOPE_CPL=1, SUM_UNOPE_MAIL=0}]
[2013-09-13 08:39:43,807] DEBUG   
     List = [{SEND_USER_ID=19000, MAIL_TITLE=给客户经理留言, SEND_USER_NAME=管理员9000, MAIL_CONTENT=com.ibm.db2.jcc.a.ec@68206820, SCHEDULE_TIME=}]
[2013-09-13 10:19:19,705] DEBUG   
     GetmailList开始。。。
[2013-09-13 10:19:19,709] DEBUG   
     map = {saledptcenterid=, saledptid=, time1=20130900000000, time2=20130999999999, comid=11610101, slsmanid=}
[2013-09-13 10:19:19,807] DEBUG   
     List = [{ORG=11610100, SUM_MAIL=0, SUM_ELSE=0, SUM_MSG=1, SUM_OPE_MSG=0, SUM_CPL=1, SUM_UNOPE_MSG=1, SUM_OPE_SUG=0, SUM_OPE_ELSE=0, SUM_UNOPE_ELSE=0, SUM_OPE_CPL=0, SUM_OPE_MAIL=0, SUM_SUG=0, SUM_UNOPE_SUG=0, SUM_UNOPE_CPL=1, SUM_UNOPE_MAIL=0}]
[2013-09-13 10:27:38,363] DEBUG   
     GetmailList开始。。。
[2013-09-13 10:27:38,363] DEBUG   
     map = {saledptcenterid=, saledptid=, time1=20130900000000, time2=20130999999999, comid=11610101, slsmanid=}
[2013-09-13 10:27:38,375] DEBUG   
     List = [{ORG=11610100, SUM_MAIL=0, SUM_ELSE=0, SUM_MSG=1, SUM_OPE_MSG=0, SUM_CPL=1, SUM_UNOPE_MSG=1, SUM_OPE_SUG=0, SUM_OPE_ELSE=0, SUM_UNOPE_ELSE=0, SUM_OPE_CPL=0, SUM_OPE_MAIL=0, SUM_SUG=0, SUM_UNOPE_SUG=0, SUM_UNOPE_CPL=1, SUM_UNOPE_MAIL=0}]
[2013-09-13 10:32:30,225] DEBUG   
     GetmailList开始。。。
[2013-09-13 10:32:30,225] DEBUG   
     map = {saledptcenterid=, saledptid=, time1=20130900000000, time2=20130999999999, comid=11610101, slsmanid=}
[2013-09-13 10:32:30,239] DEBUG   
     List = [{ORG=11610100, SUM_MAIL=0, SUM_ELSE=0, SUM_MSG=1, SUM_OPE_MSG=0, SUM_CPL=1, SUM_UNOPE_MSG=1, SUM_OPE_SUG=0, SUM_OPE_ELSE=0, SUM_UNOPE_ELSE=0, SUM_OPE_CPL=0, SUM_OPE_MAIL=0, SUM_SUG=0, SUM_UNOPE_SUG=0, SUM_UNOPE_CPL=1, SUM_UNOPE_MAIL=0}]
[2013-09-13 10:32:32,765] DEBUG   
     将要获取总数详细
[2013-09-13 10:32:36,509] DEBUG   
     将要获取总数详细
[2013-09-13 10:42:40,325] DEBUG   
     GetmailList开始。。。
[2013-09-13 10:42:40,325] DEBUG   
     map = {saledptcenterid=, saledptid=, time1=20130900000000, time2=20130999999999, comid=11610101, slsmanid=}
[2013-09-13 10:42:40,337] DEBUG   
     List = [{ORG=11610100, SUM_MAIL=0, SUM_ELSE=0, SUM_MSG=1, SUM_OPE_MSG=0, SUM_CPL=1, SUM_UNOPE_MSG=1, SUM_OPE_SUG=0, SUM_OPE_ELSE=0, SUM_UNOPE_ELSE=0, SUM_OPE_CPL=0, SUM_OPE_MAIL=0, SUM_SUG=0, SUM_UNOPE_SUG=0, SUM_UNOPE_CPL=1, SUM_UNOPE_MAIL=0}]
[2013-09-13 10:42:43,474] DEBUG   
     将要获取总数详细
[2013-09-13 10:45:32,225] DEBUG   
     GetmailList开始。。。
[2013-09-13 10:45:32,225] DEBUG   
     map = {saledptcenterid=, saledptid=, time1=20130900000000, time2=20130999999999, comid=11610101, slsmanid=}
[2013-09-13 10:45:32,231] DEBUG   
     List = [{ORG=11610100, SUM_MAIL=0, SUM_ELSE=0, SUM_MSG=1, SUM_OPE_MSG=0, SUM_CPL=1, SUM_UNOPE_MSG=1, SUM_OPE_SUG=0, SUM_OPE_ELSE=0, SUM_UNOPE_ELSE=0, SUM_OPE_CPL=0, SUM_OPE_MAIL=0, SUM_SUG=0, SUM_UNOPE_SUG=0, SUM_UNOPE_CPL=1, SUM_UNOPE_MAIL=0}]
[2013-09-13 10:45:34,447] DEBUG   
     将要获取总数详细
[2013-09-13 10:50:08,718] DEBUG   
     GetmailList开始。。。
[2013-09-13 10:50:08,718] DEBUG   
     map = {saledptcenterid=11610100, saledptid=, time1=20130900000000, time2=20130999999999, comid=11610101, slsmanid=}
[2013-09-13 10:50:08,729] DEBUG   
     List = [{ORG=11610102, SUM_MAIL=0, SUM_ELSE=0, SUM_MSG=1, SUM_OPE_MSG=0, SUM_CPL=1, SUM_UNOPE_MSG=1, SUM_OPE_SUG=0, SUM_OPE_ELSE=0, SUM_UNOPE_ELSE=0, SUM_OPE_CPL=0, SUM_OPE_MAIL=0, SUM_SUG=0, SUM_UNOPE_SUG=0, SUM_UNOPE_CPL=1, SUM_UNOPE_MAIL=0}]
[2013-09-13 10:50:11,371] DEBUG   
     将要获取总数详细
[2013-09-13 10:55:10,053] DEBUG   
     GetmailList开始。。。
[2013-09-13 10:55:10,053] DEBUG   
     map = {saledptcenterid=, saledptid=, time1=20130900000000, time2=20130999999999, comid=11610101, slsmanid=}
[2013-09-13 10:55:10,068] DEBUG   
     List = [{ORG=11610100, SUM_MAIL=0, SUM_ELSE=0, SUM_MSG=1, SUM_OPE_MSG=0, SUM_CPL=1, SUM_UNOPE_MSG=1, SUM_OPE_SUG=0, SUM_OPE_ELSE=0, SUM_UNOPE_ELSE=0, SUM_OPE_CPL=0, SUM_OPE_MAIL=0, SUM_SUG=0, SUM_UNOPE_SUG=0, SUM_UNOPE_CPL=1, SUM_UNOPE_MAIL=0}]
[2013-09-13 10:55:13,394] DEBUG   
     将要获取总数详细
[2013-09-13 11:03:07,862] DEBUG   
     GetmailList开始。。。
[2013-09-13 11:03:07,862] DEBUG   
     map = {saledptcenterid=, saledptid=, time1=20130900000000, time2=20130999999999, comid=11610101, slsmanid=}
[2013-09-13 11:03:07,874] DEBUG   
     List = [{ORG=11610100, SUM_MAIL=0, SUM_ELSE=0, SUM_MSG=1, SUM_OPE_MSG=0, SUM_CPL=1, SUM_UNOPE_MSG=1, SUM_OPE_SUG=0, SUM_OPE_ELSE=0, SUM_UNOPE_ELSE=0, SUM_OPE_CPL=0, SUM_OPE_MAIL=0, SUM_SUG=0, SUM_UNOPE_SUG=0, SUM_UNOPE_CPL=1, SUM_UNOPE_MAIL=0}]
[2013-09-13 11:03:09,885] DEBUG   
     将要获取总数详细
[2013-09-13 11:28:02,996] DEBUG   
     GetmailList开始。。。
[2013-09-13 11:28:02,996] DEBUG   
     map = {saledptcenterid=, saledptid=, time1=20130900000000, time2=20130999999999, comid=11610101, slsmanid=}
[2013-09-13 11:28:03,052] DEBUG   
     List = [{ORG=11610100, SUM_MAIL=0, SUM_ELSE=0, SUM_MSG=1, SUM_OPE_MSG=0, SUM_CPL=1, SUM_UNOPE_MSG=1, SUM_OPE_SUG=0, SUM_OPE_ELSE=0, SUM_UNOPE_ELSE=0, SUM_OPE_CPL=0, SUM_OPE_MAIL=0, SUM_SUG=0, SUM_UNOPE_SUG=0, SUM_UNOPE_CPL=1, SUM_UNOPE_MAIL=0}]
[2013-09-13 11:28:05,898] DEBUG   
     将要获取总数详细
[2013-09-13 11:33:10,444] DEBUG   
     将要获取总数详细
[2013-09-13 11:33:12,656] DEBUG   
     将要获取总数详细
[2013-09-13 11:34:08,730] DEBUG   
     GetmailList开始。。。
[2013-09-13 11:34:08,730] DEBUG   
     map = {saledptcenterid=, saledptid=, time1=20130900000000, time2=20130999999999, comid=11610101, slsmanid=}
[2013-09-13 11:34:08,744] DEBUG   
     List = [{ORG=11610100, SUM_MAIL=0, SUM_ELSE=0, SUM_MSG=1, SUM_OPE_MSG=0, SUM_CPL=1, SUM_UNOPE_MSG=1, SUM_OPE_SUG=0, SUM_OPE_ELSE=0, SUM_UNOPE_ELSE=0, SUM_OPE_CPL=0, SUM_OPE_MAIL=0, SUM_SUG=0, SUM_UNOPE_SUG=0, SUM_UNOPE_CPL=1, SUM_UNOPE_MAIL=0}]
[2013-09-13 11:34:11,822] DEBUG   
     将要获取总数详细
[2013-09-13 11:34:35,830] DEBUG   
     进入doGetInBoxPage 
[2013-09-13 11:34:35,866] DEBUG   
     status=   mailTitle= null type= null
[2013-09-13 11:34:35,866] DEBUG   
     endTime= null  startTime= null type= null
[2013-09-13 11:34:35,958] DEBUG   
     结束doGetInBoxPage 
[2013-09-13 11:34:52,125] DEBUG   
     进入MailInDetail execute()
[2013-09-13 11:34:52,125] DEBUG   
     mailId=201309041146354663552831752162334856
[2013-09-13 11:34:52,252] DEBUG   
     baseMailView= [ mailId=201309041146354663552831752162334856, comId=11620901, mailTitle=回复：测试新的查询语句, mailContent=<p><br /><br /><br /></p><hr /><p><br />&gt;发件人：酒泉网络管理员<br />&gt;时间：2013-09-04 11:21:11<br />&gt;主题：转发：ts<br />&gt;内容：</p><p><br /><br /><br /></p><hr /><p><br />&gt;发件人：肃州区鑫源平价商行[庞会]<br />&gt;时间：2013-08-29 09:06:16<br />&gt;主题：ts<br />&gt;内容：</p><p>ts<br /></p>, importantLvl= , attachmentNum=0, isSendEmail=0, isSendSms=0, isSendWechat=0, isSendInstantmsg=0, status=01, sendUserId=GSJQADMIN, sendUserName=酒泉网络管理员, crtTime=20130904114635, sendTime=20130904114635, isTimingSchedule=0, scheduleTime=, isReplyMail=1, isForwardMail=0, refMailCode=201309041121112125647089238143553161, mailRef=201308290906160670106246347283267172, hasDel=0, mailType=13, slsmanId=, saledptCenterId=, saledptId=1162090101, isPublic= , receiveOrg=, operateStatus= ]
[2013-09-13 11:34:52,252] DEBUG   
     退出MailInDetail execute()
[2013-09-13 11:35:05,292] DEBUG   
     进入MailMessage execute()
[2013-09-13 11:35:05,292] DEBUG   
     flag=3
[2013-09-13 11:35:05,292] DEBUG   
     退出MailMessage execute()
[2013-09-13 11:39:13,079] DEBUG   
     GetmailList开始。。。
[2013-09-13 11:39:13,079] DEBUG   
     map = {saledptcenterid=, saledptid=, time1=20130900000000, time2=20130999999999, comid=11610101, slsmanid=}
[2013-09-13 11:39:13,124] DEBUG   
     List = [{ORG=11610100, SUM_MAIL=0, SUM_ELSE=0, SUM_MSG=1, SUM_OPE_MSG=0, SUM_CPL=1, SUM_UNOPE_MSG=1, SUM_OPE_SUG=0, SUM_OPE_ELSE=0, SUM_UNOPE_ELSE=0, SUM_OPE_CPL=0, SUM_OPE_MAIL=0, SUM_SUG=0, SUM_UNOPE_SUG=0, SUM_UNOPE_CPL=1, SUM_UNOPE_MAIL=0}]
[2013-09-13 11:39:15,596] DEBUG   
     将要获取总数详细
[2013-09-13 11:39:17,379] DEBUG   
     将要获取总数详细
[2013-09-13 12:31:07,458] DEBUG   
     GetmailList开始。。。
[2013-09-13 12:31:07,469] DEBUG   
     map = {saledptcenterid=, saledptid=, time1=20130900000000, time2=20130999999999, comid=11610101, slsmanid=}
[2013-09-13 12:31:07,526] DEBUG   
     List = [{ORG=11610100, SUM_MAIL=0, SUM_ELSE=0, SUM_MSG=1, SUM_OPE_MSG=0, SUM_CPL=1, SUM_UNOPE_MSG=1, SUM_OPE_SUG=0, SUM_OPE_ELSE=0, SUM_UNOPE_ELSE=0, SUM_OPE_CPL=0, SUM_OPE_MAIL=0, SUM_SUG=0, SUM_UNOPE_SUG=0, SUM_UNOPE_CPL=1, SUM_UNOPE_MAIL=0}]
[2013-09-13 12:31:09,948] DEBUG   
     将要获取总数详细
[2013-09-13 12:31:16,085] DEBUG   
     将要获取总数详细
[2013-09-13 12:40:03,407] DEBUG   
     GetmailList开始。。。
[2013-09-13 12:40:03,407] DEBUG   
     map = {saledptcenterid=, saledptid=, time1=20130900000000, time2=20130999999999, comid=11610101, slsmanid=}
[2013-09-13 12:40:03,414] DEBUG   
     List = [{ORG=11610100, SUM_MAIL=0, SUM_ELSE=0, SUM_MSG=1, SUM_OPE_MSG=0, SUM_CPL=1, SUM_UNOPE_MSG=1, SUM_OPE_SUG=0, SUM_OPE_ELSE=0, SUM_UNOPE_ELSE=0, SUM_OPE_CPL=0, SUM_OPE_MAIL=0, SUM_SUG=0, SUM_UNOPE_SUG=0, SUM_UNOPE_CPL=1, SUM_UNOPE_MAIL=0}]
[2013-09-13 12:40:06,548] DEBUG   
     将要获取总数详细
[2013-09-13 12:47:59,323] DEBUG   
     GetmailList开始。。。
[2013-09-13 12:47:59,323] DEBUG   
     map = {saledptcenterid=, saledptid=, time1=20130900000000, time2=20130999999999, comid=11610101, slsmanid=}
[2013-09-13 12:47:59,330] DEBUG   
     List = [{ORG=11610100, SUM_MAIL=0, SUM_ELSE=0, SUM_MSG=1, SUM_OPE_MSG=0, SUM_CPL=1, SUM_UNOPE_MSG=1, SUM_OPE_SUG=0, SUM_OPE_ELSE=0, SUM_UNOPE_ELSE=0, SUM_OPE_CPL=0, SUM_OPE_MAIL=0, SUM_SUG=0, SUM_UNOPE_SUG=0, SUM_UNOPE_CPL=1, SUM_UNOPE_MAIL=0}]
[2013-09-13 12:48:02,407] DEBUG   
     将要获取总数详细
[2013-09-13 12:48:06,147] DEBUG   
     List = [{SEND_USER_ID=19000, MAIL_TITLE=投诉, SEND_TIME=20130903141000, SEND_USER_NAME=管理员9000, MAIL_CONTENT=com.ibm.db2.jcc.a.ec@69806980}]
[2013-09-13 12:53:43,795] DEBUG   
     GetmailList开始。。。
[2013-09-13 12:53:43,795] DEBUG   
     map = {saledptcenterid=, saledptid=, time1=20130900000000, time2=20130999999999, comid=11610101, slsmanid=}
[2013-09-13 12:53:43,802] DEBUG   
     List = [{ORG=11610100, SUM_MAIL=0, SUM_ELSE=0, SUM_MSG=1, SUM_OPE_MSG=0, SUM_CPL=1, SUM_UNOPE_MSG=1, SUM_OPE_SUG=0, SUM_OPE_ELSE=0, SUM_UNOPE_ELSE=0, SUM_OPE_CPL=0, SUM_OPE_MAIL=0, SUM_SUG=0, SUM_UNOPE_SUG=0, SUM_UNOPE_CPL=1, SUM_UNOPE_MAIL=0}]
[2013-09-13 12:53:47,017] DEBUG   
     将要获取总数详细
[2013-09-13 12:59:50,303] DEBUG   
     GetmailList开始。。。
[2013-09-13 12:59:50,303] DEBUG   
     map = {saledptcenterid=, saledptid=, time1=20130900000000, time2=20130999999999, comid=11610101, slsmanid=}
[2013-09-13 12:59:50,310] DEBUG   
     List = [{ORG=11610100, SUM_MAIL=0, SUM_ELSE=0, SUM_MSG=1, SUM_OPE_MSG=0, SUM_CPL=1, SUM_UNOPE_MSG=1, SUM_OPE_SUG=0, SUM_OPE_ELSE=0, SUM_UNOPE_ELSE=0, SUM_OPE_CPL=0, SUM_OPE_MAIL=0, SUM_SUG=0, SUM_UNOPE_SUG=0, SUM_UNOPE_CPL=1, SUM_UNOPE_MAIL=0}]
[2013-09-13 12:59:53,091] DEBUG   
     将要获取总数详细
[2013-09-13 13:05:33,370] DEBUG   
     GetmailList开始。。。
[2013-09-13 13:05:33,370] DEBUG   
     map = {saledptcenterid=, saledptid=, time1=20130900000000, time2=20130999999999, comid=11610101, slsmanid=}
[2013-09-13 13:05:33,376] DEBUG   
     List = [{ORG=11610100, SUM_MAIL=0, SUM_ELSE=0, SUM_MSG=1, SUM_OPE_MSG=0, SUM_CPL=1, SUM_UNOPE_MSG=1, SUM_OPE_SUG=0, SUM_OPE_ELSE=0, SUM_UNOPE_ELSE=0, SUM_OPE_CPL=0, SUM_OPE_MAIL=0, SUM_SUG=0, SUM_UNOPE_SUG=0, SUM_UNOPE_CPL=1, SUM_UNOPE_MAIL=0}]
[2013-09-13 13:05:35,876] DEBUG   
     将要获取总数详细
[2013-09-13 13:10:11,141] DEBUG   
     将要获取总数详细
[2013-09-13 13:29:00,151] DEBUG   
     GetmailList开始。。。
[2013-09-13 13:29:00,151] DEBUG   
     map = {saledptcenterid=, saledptid=, time1=20130900000000, time2=20130999999999, comid=11610101, slsmanid=}
[2013-09-13 13:29:00,159] DEBUG   
     List = [{ORG=11610100, SUM_MAIL=0, SUM_ELSE=0, SUM_MSG=1, SUM_OPE_MSG=0, SUM_CPL=1, SUM_UNOPE_MSG=1, SUM_OPE_SUG=0, SUM_OPE_ELSE=0, SUM_UNOPE_ELSE=0, SUM_OPE_CPL=0, SUM_OPE_MAIL=0, SUM_SUG=0, SUM_UNOPE_SUG=0, SUM_UNOPE_CPL=1, SUM_UNOPE_MAIL=0}]
[2013-09-13 13:29:02,916] DEBUG   
     将要获取总数详细
[2013-09-13 13:29:10,142] DEBUG   
     将要获取总数详细
[2013-09-13 13:40:53,461] DEBUG   
     GetmailList开始。。。
[2013-09-13 13:40:53,461] DEBUG   
     map = {saledptcenterid=, saledptid=, time1=20130900000000, time2=20130999999999, comid=11610101, slsmanid=}
[2013-09-13 13:40:53,468] DEBUG   
     List = [{ORG=11610100, SUM_MAIL=0, SUM_ELSE=0, SUM_MSG=1, SUM_OPE_MSG=0, SUM_CPL=1, SUM_UNOPE_MSG=1, SUM_OPE_SUG=0, SUM_OPE_ELSE=0, SUM_UNOPE_ELSE=0, SUM_OPE_CPL=0, SUM_OPE_MAIL=0, SUM_SUG=0, SUM_UNOPE_SUG=0, SUM_UNOPE_CPL=1, SUM_UNOPE_MAIL=0}]
[2013-09-13 13:40:55,818] DEBUG   
     将要获取总数详细
[2013-09-13 13:47:52,766] DEBUG   
     将要获取总数详细
[2013-09-13 13:59:36,160] DEBUG   
     GetmailList开始。。。
[2013-09-13 13:59:36,160] DEBUG   
     map = {saledptcenterid=, saledptid=, time1=20130900000000, time2=20130999999999, comid=11610101, slsmanid=}
[2013-09-13 13:59:36,167] DEBUG   
     List = [{ORG=11610100, SUM_MAIL=0, SUM_ELSE=0, SUM_MSG=1, SUM_OPE_MSG=0, SUM_CPL=1, SUM_UNOPE_MSG=1, SUM_OPE_SUG=0, SUM_OPE_ELSE=0, SUM_UNOPE_ELSE=0, SUM_OPE_CPL=0, SUM_OPE_MAIL=0, SUM_SUG=0, SUM_UNOPE_SUG=0, SUM_UNOPE_CPL=1, SUM_UNOPE_MAIL=0}]
[2013-09-13 13:59:38,661] DEBUG   
     将要获取总数详细
[2013-09-13 14:01:54,816] DEBUG   
     GetmailList开始。。。
[2013-09-13 14:01:54,816] DEBUG   
     map = {saledptcenterid=, saledptid=, time1=20130900000000, time2=20130999999999, comid=11610101, slsmanid=}
[2013-09-13 14:01:54,822] DEBUG   
     List = [{ORG=11610100, SUM_MAIL=0, SUM_ELSE=0, SUM_MSG=1, SUM_OPE_MSG=0, SUM_CPL=1, SUM_UNOPE_MSG=1, SUM_OPE_SUG=0, SUM_OPE_ELSE=0, SUM_UNOPE_ELSE=0, SUM_OPE_CPL=0, SUM_OPE_MAIL=0, SUM_SUG=0, SUM_UNOPE_SUG=0, SUM_UNOPE_CPL=1, SUM_UNOPE_MAIL=0}]
[2013-09-13 14:01:58,528] DEBUG   
     List = [{SEND_USER_ID=19000, MAIL_TITLE=给客户经理留言, SEND_TIME=20130903140940, SEND_USER_NAME=管理员9000, MAIL_CONTENT=com.ibm.db2.jcc.a.ec@fc60fc6}]
[2013-09-13 14:04:27,772] DEBUG   
     GetmailList开始。。。
[2013-09-13 14:04:27,772] DEBUG   
     map = {saledptcenterid=, saledptid=, time1=20130900000000, time2=20130999999999, comid=11610101, slsmanid=}
[2013-09-13 14:04:27,778] DEBUG   
     List = [{ORG=11610100, SUM_MAIL=0, SUM_ELSE=0, SUM_MSG=1, SUM_OPE_MSG=0, SUM_CPL=1, SUM_UNOPE_MSG=1, SUM_OPE_SUG=0, SUM_OPE_ELSE=0, SUM_UNOPE_ELSE=0, SUM_OPE_CPL=0, SUM_OPE_MAIL=0, SUM_SUG=0, SUM_UNOPE_SUG=0, SUM_UNOPE_CPL=1, SUM_UNOPE_MAIL=0}]
[2013-09-13 14:04:29,984] DEBUG   
     List = [{SEND_USER_ID=19000, MAIL_TITLE=给客户经理留言, SEND_TIME=20130903140940, SEND_USER_NAME=管理员9000, MAIL_CONTENT=com.ibm.db2.jcc.a.ec@2dea2dea}]
[2013-09-13 14:04:51,111] DEBUG   
     将要获取总数详细
[2013-09-13 14:04:56,152] DEBUG   
     List = [{SEND_USER_ID=19000, MAIL_TITLE=给客户经理留言, SEND_TIME=20130903140940, SEND_USER_NAME=管理员9000, MAIL_CONTENT=com.ibm.db2.jcc.a.ec@5cfe5cfe}]
[2013-09-13 14:05:00,065] DEBUG   
     将要获取总数详细
[2013-09-13 14:06:46,714] DEBUG   
     GetmailList开始。。。
[2013-09-13 14:06:46,714] DEBUG   
     map = {saledptcenterid=, saledptid=, time1=20130900000000, time2=20130999999999, comid=11610101, slsmanid=}
[2013-09-13 14:06:46,720] DEBUG   
     List = [{ORG=11610100, SUM_MAIL=0, SUM_ELSE=0, SUM_MSG=1, SUM_OPE_MSG=0, SUM_CPL=1, SUM_UNOPE_MSG=1, SUM_OPE_SUG=0, SUM_OPE_ELSE=0, SUM_UNOPE_ELSE=0, SUM_OPE_CPL=0, SUM_OPE_MAIL=0, SUM_SUG=0, SUM_UNOPE_SUG=0, SUM_UNOPE_CPL=1, SUM_UNOPE_MAIL=0}]
[2013-09-13 14:06:49,285] DEBUG   
     将要获取总数详细
[2013-09-13 14:13:57,550] DEBUG   
     GetmailList开始。。。
[2013-09-13 14:13:57,553] DEBUG   
     map = {saledptcenterid=, saledptid=, time1=20130900000000, time2=20130999999999, comid=11610101, slsmanid=}
[2013-09-13 14:13:57,596] DEBUG   
     List = [{ORG=11610100, SUM_MAIL=0, SUM_ELSE=0, SUM_MSG=1, SUM_OPE_MSG=0, SUM_CPL=1, SUM_UNOPE_MSG=1, SUM_OPE_SUG=0, SUM_OPE_ELSE=0, SUM_UNOPE_ELSE=0, SUM_OPE_CPL=0, SUM_OPE_MAIL=0, SUM_SUG=0, SUM_UNOPE_SUG=0, SUM_UNOPE_CPL=1, SUM_UNOPE_MAIL=0}]
[2013-09-13 14:14:01,327] DEBUG   
     List = [{SEND_USER_ID=19000, MAIL_TITLE=给客户经理留言, SEND_TIME=20130903140940, SEND_USER_NAME=管理员9000, MAIL_CONTENT=com.ibm.db2.jcc.a.ec@35253525}]
[2013-09-13 14:14:07,399] DEBUG   
     将要获取总数详细
[2013-09-13 14:14:51,192] DEBUG   
     GetmailList开始。。。
[2013-09-13 14:14:51,192] DEBUG   
     map = {saledptcenterid=, saledptid=, time1=20130900000000, time2=20130999999999, comid=11610101, slsmanid=}
[2013-09-13 14:14:51,200] DEBUG   
     List = [{ORG=11610100, SUM_MAIL=0, SUM_ELSE=0, SUM_MSG=1, SUM_OPE_MSG=0, SUM_CPL=1, SUM_UNOPE_MSG=1, SUM_OPE_SUG=0, SUM_OPE_ELSE=0, SUM_UNOPE_ELSE=0, SUM_OPE_CPL=0, SUM_OPE_MAIL=0, SUM_SUG=0, SUM_UNOPE_SUG=0, SUM_UNOPE_CPL=1, SUM_UNOPE_MAIL=0}]
[2013-09-13 14:14:55,784] DEBUG   
     List = [{SEND_USER_ID=19000, MAIL_TITLE=给客户经理留言, SEND_TIME=20130903140940, SEND_USER_NAME=管理员9000, MAIL_CONTENT=<p>给客户经理留言给客户经理留言给客户经理留言给客户经理留言<br /></p>}]
[2013-09-13 14:15:59,994] DEBUG   
     将要获取总数详细
[2013-09-13 14:19:01,822] DEBUG   
     GetmailList开始。。。
[2013-09-13 14:19:01,822] DEBUG   
     map = {saledptcenterid=, saledptid=, time1=20130900000000, time2=20130999999999, comid=11610101, slsmanid=}
[2013-09-13 14:19:01,828] DEBUG   
     List = [{ORG=11610100, SUM_MAIL=0, SUM_ELSE=0, SUM_MSG=1, SUM_OPE_MSG=0, SUM_CPL=1, SUM_UNOPE_MSG=1, SUM_OPE_SUG=0, SUM_OPE_ELSE=0, SUM_UNOPE_ELSE=0, SUM_OPE_CPL=0, SUM_OPE_MAIL=0, SUM_SUG=0, SUM_UNOPE_SUG=0, SUM_UNOPE_CPL=1, SUM_UNOPE_MAIL=0}]
[2013-09-13 14:19:05,138] DEBUG   
     List = [{SEND_USER_ID=19000, MAIL_TITLE=给客户经理留言, SEND_TIME=20130903140940, SEND_USER_NAME=管理员9000, MAIL_CONTENT=<p>给客户经理留言给客户经理留言给客户经理留言给客户经理留言<br /></p>}]
[2013-09-13 14:19:50,429] DEBUG   
     List = [{SEND_USER_ID=19000, MAIL_TITLE=投诉, SEND_TIME=20130903141000, SEND_USER_NAME=管理员9000, MAIL_CONTENT=<p>投诉投诉投诉投诉投诉投诉投诉<br /></p>}]
[2013-09-13 14:19:56,456] DEBUG   
     List = [{SEND_USER_ID=19000, MAIL_TITLE=给客户经理留言, SEND_TIME=20130903140940, SEND_USER_NAME=管理员9000, MAIL_CONTENT=<p>给客户经理留言给客户经理留言给客户经理留言给客户经理留言<br /></p>}]
[2013-09-13 14:27:18,969] DEBUG   
     将要获取总数详细
[2013-09-13 14:27:21,928] DEBUG   
     List = [{SEND_USER_ID=19000, MAIL_TITLE=给客户经理留言, SEND_TIME=20130903140940, SEND_USER_NAME=管理员9000, MAIL_CONTENT=<p>给客户经理留言给客户经理留言给客户经理留言给客户经理留言<br /></p>}]
[2013-09-13 14:27:28,566] DEBUG   
     将要获取总数详细
[2013-09-13 14:34:28,676] DEBUG   
     GetmailList开始。。。
[2013-09-13 14:34:28,676] DEBUG   
     map = {saledptcenterid=, saledptid=, time1=20130900000000, time2=20130999999999, comid=11610101, slsmanid=}
[2013-09-13 14:34:28,695] DEBUG   
     List = [{ORG=11610100, SUM_MAIL=0, SUM_ELSE=0, SUM_MSG=1, SUM_OPE_MSG=0, SUM_CPL=1, SUM_UNOPE_MSG=1, SUM_OPE_SUG=0, SUM_OPE_ELSE=0, SUM_UNOPE_ELSE=0, SUM_OPE_CPL=0, SUM_OPE_MAIL=0, SUM_SUG=0, SUM_UNOPE_SUG=0, SUM_UNOPE_CPL=1, SUM_UNOPE_MAIL=0}]
[2013-09-13 14:34:30,688] DEBUG   
     将要获取总数详细
[2013-09-13 14:34:30,705] DEBUG   
     总数详细=[{SEND_USER_ID=19000, MAIL_TITLE=投诉, SEND_TIME=20130903141000, SEND_USER_NAME=管理员9000, MAIL_CONTENT=<p>投诉投诉投诉投诉投诉投诉投诉<br /></p>}]
[2013-09-13 14:35:58,873] DEBUG   
     将要获取总数详细
[2013-09-13 14:35:58,878] DEBUG   
     总数详细=[{SEND_USER_ID=19000, MAIL_TITLE=投诉, SEND_TIME=20130903141000, SEND_USER_NAME=管理员9000, MAIL_CONTENT=<p>投诉投诉投诉投诉投诉投诉投诉<br /></p>}]
[2013-09-13 14:36:24,623] DEBUG   
     List = [{SEND_USER_ID=19000, MAIL_TITLE=给客户经理留言, SEND_TIME=20130903140940, SEND_USER_NAME=管理员9000, MAIL_CONTENT=<p>给客户经理留言给客户经理留言给客户经理留言给客户经理留言<br /></p>}]
[2013-09-13 14:36:38,730] DEBUG   
     将要获取总数详细
[2013-09-13 14:36:38,735] DEBUG   
     总数详细=[{SEND_USER_ID=19000, MAIL_TITLE=投诉, SEND_TIME=20130903141000, SEND_USER_NAME=管理员9000, MAIL_CONTENT=<p>投诉投诉投诉投诉投诉投诉投诉<br /></p>}]
[2013-09-13 14:47:54,860] DEBUG   
     List = [{SEND_USER_ID=19000, MAIL_TITLE=给客户经理留言, SEND_TIME=20130903140940, SEND_USER_NAME=管理员9000, MAIL_CONTENT=<p>给客户经理留言给客户经理留言给客户经理留言给客户经理留言<br /></p>}]
[2013-09-13 15:04:19,015] DEBUG   
     GetmailList开始。。。
[2013-09-13 15:04:19,015] DEBUG   
     map = {saledptcenterid=, saledptid=, time1=20130900000000, time2=20130999999999, comid=11610101, slsmanid=}
[2013-09-13 15:04:19,024] DEBUG   
     List = [{ORG=11610100, SUM_MAIL=0, SUM_ELSE=0, SUM_MSG=1, SUM_OPE_MSG=0, SUM_CPL=1, SUM_UNOPE_MSG=1, SUM_OPE_SUG=0, SUM_OPE_ELSE=0, SUM_UNOPE_ELSE=0, SUM_OPE_CPL=0, SUM_OPE_MAIL=0, SUM_SUG=0, SUM_UNOPE_SUG=0, SUM_UNOPE_CPL=1, SUM_UNOPE_MAIL=0}]
[2013-09-13 15:04:21,027] DEBUG   
     将要获取总数详细
[2013-09-13 15:04:21,050] DEBUG   
     总数详细=[{SEND_USER_ID=19000, MAIL_TITLE=投诉, SEND_TIME=20130903141000, SEND_USER_NAME=管理员9000, MAIL_CONTENT=<p>投诉投诉投诉投诉投诉投诉投诉<br /></p>}]
[2013-09-13 15:07:43,223] DEBUG   
     将要获取总数详细
[2013-09-13 15:07:43,230] DEBUG   
     总数详细=[{SEND_USER_ID=19000, MAIL_TITLE=给客户经理留言, SEND_TIME=20130903140940, SEND_USER_NAME=管理员9000, MAIL_CONTENT=<p>给客户经理留言给客户经理留言给客户经理留言给客户经理留言<br /></p>}]
[2013-09-13 15:08:17,487] DEBUG   
     将要获取总数详细
[2013-09-13 15:08:17,490] DEBUG   
     总数详细=[{SEND_USER_ID=19000, MAIL_TITLE=投诉, SEND_TIME=20130903141000, SEND_USER_NAME=管理员9000, MAIL_CONTENT=<p>投诉投诉投诉投诉投诉投诉投诉<br /></p>}]
[2013-09-13 15:11:05,462] DEBUG   
     GetmailList开始。。。
[2013-09-13 15:11:05,462] DEBUG   
     map = {saledptcenterid=, saledptid=, time1=20130900000000, time2=20130999999999, comid=11610101, slsmanid=}
[2013-09-13 15:11:05,466] DEBUG   
     List = [{ORG=11610100, SUM_MAIL=0, SUM_ELSE=0, SUM_MSG=1, SUM_OPE_MSG=0, SUM_CPL=1, SUM_UNOPE_MSG=1, SUM_OPE_SUG=0, SUM_OPE_ELSE=0, SUM_UNOPE_ELSE=0, SUM_OPE_CPL=0, SUM_OPE_MAIL=0, SUM_SUG=0, SUM_UNOPE_SUG=0, SUM_UNOPE_CPL=1, SUM_UNOPE_MAIL=0}]
[2013-09-13 15:11:08,315] DEBUG   
     将要获取总数详细
[2013-09-13 15:11:08,318] DEBUG   
     总数详细=[{SEND_USER_ID=19000, MAIL_TITLE=给客户经理留言, SEND_TIME=20130903140940, SEND_USER_NAME=管理员9000, MAIL_CONTENT=<p>给客户经理留言给客户经理留言给客户经理留言给客户经理留言<br /></p>}]
[2013-09-13 15:13:30,432] DEBUG   
     将要获取总数详细
[2013-09-13 15:13:30,436] DEBUG   
     总数详细=[{SEND_USER_ID=19000, MAIL_TITLE=给客户经理留言, SEND_TIME=20130903140940, SEND_USER_NAME=管理员9000, MAIL_CONTENT=<p>给客户经理留言给客户经理留言给客户经理留言给客户经理留言<br /></p>}]
[2013-09-13 15:14:05,088] DEBUG   
     将要获取总数详细
[2013-09-13 15:14:05,092] DEBUG   
     总数详细=[{SEND_USER_ID=19000, MAIL_TITLE=给客户经理留言, SEND_TIME=20130903140940, SEND_USER_NAME=管理员9000, MAIL_CONTENT=<p>给客户经理留言给客户经理留言给客户经理留言给客户经理留言<br /></p>}]
[2013-09-13 15:18:48,752] DEBUG   
     GetmailList开始。。。
[2013-09-13 15:18:48,752] DEBUG   
     map = {saledptcenterid=, saledptid=, time1=20130900000000, time2=20130999999999, comid=11610101, slsmanid=}
[2013-09-13 15:18:48,756] DEBUG   
     List = [{ORG=11610100, SUM_MAIL=0, SUM_ELSE=0, SUM_MSG=1, SUM_OPE_MSG=0, SUM_CPL=1, SUM_UNOPE_MSG=1, SUM_OPE_SUG=0, SUM_OPE_ELSE=0, SUM_UNOPE_ELSE=0, SUM_OPE_CPL=0, SUM_OPE_MAIL=0, SUM_SUG=0, SUM_UNOPE_SUG=0, SUM_UNOPE_CPL=1, SUM_UNOPE_MAIL=0}]
[2013-09-13 15:18:50,933] DEBUG   
     将要获取总数详细
[2013-09-13 15:18:50,937] DEBUG   
     总数详细=[{SEND_USER_ID=19000, MAIL_TITLE=投诉, SEND_TIME=20130903141000, SEND_USER_NAME=管理员9000, MAIL_CONTENT=<p>投诉投诉投诉投诉投诉投诉投诉<br /></p>}]
[2013-09-13 15:19:02,608] DEBUG   
     将要获取总数详细
[2013-09-13 15:19:02,611] DEBUG   
     总数详细=[{SEND_USER_ID=19000, MAIL_TITLE=投诉, SEND_TIME=20130903141000, SEND_USER_NAME=管理员9000, MAIL_CONTENT=<p>投诉投诉投诉投诉投诉投诉投诉<br /></p>}]
[2013-09-13 15:19:15,854] DEBUG   
     将要获取总数详细
[2013-09-13 15:19:15,858] DEBUG   
     总数详细=[{SEND_USER_ID=19000, MAIL_TITLE=给客户经理留言, SEND_TIME=20130903140940, SEND_USER_NAME=管理员9000, MAIL_CONTENT=<p>给客户经理留言给客户经理留言给客户经理留言给客户经理留言<br /></p>}]
[2013-09-13 15:19:38,776] DEBUG   
     将要获取总数详细
[2013-09-13 15:19:38,780] DEBUG   
     总数详细=[{SEND_USER_ID=19000, MAIL_TITLE=给客户经理留言, SEND_TIME=20130903140940, SEND_USER_NAME=管理员9000, MAIL_CONTENT=<p>给客户经理留言给客户经理留言给客户经理留言给客户经理留言<br /></p>}]
[2013-09-13 15:22:52,275] DEBUG   
     将要获取总数详细
[2013-09-13 15:22:52,280] DEBUG   
     总数详细=[{SEND_USER_ID=19000, MAIL_TITLE=给客户经理留言, SEND_TIME=20130903140940, SEND_USER_NAME=管理员9000, MAIL_CONTENT=<p>给客户经理留言给客户经理留言给客户经理留言给客户经理留言<br /></p>}]
[2013-09-13 15:26:01,617] DEBUG   
     GetmailList开始。。。
[2013-09-13 15:26:01,617] DEBUG   
     map = {saledptcenterid=, saledptid=, time1=20130900000000, time2=20130999999999, comid=11610101, slsmanid=}
[2013-09-13 15:26:01,624] DEBUG   
     List = [{ORG=11610100, SUM_MAIL=0, SUM_ELSE=0, SUM_MSG=1, SUM_OPE_MSG=0, SUM_CPL=1, SUM_UNOPE_MSG=1, SUM_OPE_SUG=0, SUM_OPE_ELSE=0, SUM_UNOPE_ELSE=0, SUM_OPE_CPL=0, SUM_OPE_MAIL=0, SUM_SUG=0, SUM_UNOPE_SUG=0, SUM_UNOPE_CPL=1, SUM_UNOPE_MAIL=0}]
[2013-09-13 15:26:03,484] DEBUG   
     将要获取总数详细
[2013-09-13 15:26:03,488] DEBUG   
     总数详细=[{SEND_USER_ID=19000, MAIL_TITLE=投诉, SEND_TIME=20130903141000, SEND_USER_NAME=管理员9000, MAIL_CONTENT=<p>投诉投诉投诉投诉投诉投诉投诉<br /></p>}]
[2013-09-13 15:31:28,352] DEBUG   
     GetmailList开始。。。
[2013-09-13 15:31:28,352] DEBUG   
     map = {saledptcenterid=, saledptid=, time1=20130900000000, time2=20130999999999, comid=11610101, slsmanid=}
[2013-09-13 15:31:28,357] DEBUG   
     List = [{ORG=11610100, SUM_MAIL=0, SUM_ELSE=0, SUM_MSG=1, SUM_OPE_MSG=0, SUM_CPL=1, SUM_UNOPE_MSG=1, SUM_OPE_SUG=0, SUM_OPE_ELSE=0, SUM_UNOPE_ELSE=0, SUM_OPE_CPL=0, SUM_OPE_MAIL=0, SUM_SUG=0, SUM_UNOPE_SUG=0, SUM_UNOPE_CPL=1, SUM_UNOPE_MAIL=0}]
[2013-09-13 15:31:30,349] DEBUG   
     将要获取总数详细
[2013-09-13 15:31:30,366] DEBUG   
     总数详细=[{SEND_USER_ID=19000, MAIL_TITLE=投诉, SEND_TIME=20130903141000, SEND_USER_NAME=管理员9000, MAIL_CONTENT=<p>投诉投诉投诉投诉投诉投诉投诉<br /></p>}]
[2013-09-13 15:31:44,055] DEBUG   
     将要获取总数详细
[2013-09-13 15:31:44,059] DEBUG   
     总数详细=[{SEND_USER_ID=19000, MAIL_TITLE=投诉, SEND_TIME=20130903141000, SEND_USER_NAME=管理员9000, MAIL_CONTENT=<p>投诉投诉投诉投诉投诉投诉投诉<br /></p>}]
[2013-09-13 15:35:26,361] DEBUG   
     GetmailList开始。。。
[2013-09-13 15:35:26,361] DEBUG   
     map = {saledptcenterid=, saledptid=, time1=20130900000000, time2=20130999999999, comid=11610101, slsmanid=}
[2013-09-13 15:35:26,365] DEBUG   
     List = [{ORG=11610100, SUM_MAIL=0, SUM_ELSE=0, SUM_MSG=1, SUM_OPE_MSG=0, SUM_CPL=1, SUM_UNOPE_MSG=1, SUM_OPE_SUG=0, SUM_OPE_ELSE=0, SUM_UNOPE_ELSE=0, SUM_OPE_CPL=0, SUM_OPE_MAIL=0, SUM_SUG=0, SUM_UNOPE_SUG=0, SUM_UNOPE_CPL=1, SUM_UNOPE_MAIL=0}]
[2013-09-13 15:35:28,438] DEBUG   
     将要获取总数详细
[2013-09-13 15:35:28,442] DEBUG   
     总数详细=[{SEND_USER_ID=19000, MAIL_TITLE=投诉, SEND_TIME=20130903141000, SEND_USER_NAME=管理员9000, MAIL_CONTENT=<p>投诉投诉投诉投诉投诉投诉投诉<br /></p>}]
[2013-09-13 15:35:44,001] DEBUG   
     将要获取总数详细
[2013-09-13 15:35:44,004] DEBUG   
     总数详细=[{SEND_USER_ID=19000, MAIL_TITLE=投诉, SEND_TIME=20130903141000, SEND_USER_NAME=管理员9000, MAIL_CONTENT=<p>投诉投诉投诉投诉投诉投诉投诉<br /></p>}]
[2013-09-13 15:36:14,567] DEBUG   
     GetmailList开始。。。
[2013-09-13 15:36:14,567] DEBUG   
     map = {saledptcenterid=, saledptid=, time1=20130900000000, time2=20130999999999, comid=11610101, slsmanid=}
[2013-09-13 15:36:14,570] DEBUG   
     List = [{ORG=11610100, SUM_MAIL=0, SUM_ELSE=0, SUM_MSG=1, SUM_OPE_MSG=0, SUM_CPL=1, SUM_UNOPE_MSG=1, SUM_OPE_SUG=0, SUM_OPE_ELSE=0, SUM_UNOPE_ELSE=0, SUM_OPE_CPL=0, SUM_OPE_MAIL=0, SUM_SUG=0, SUM_UNOPE_SUG=0, SUM_UNOPE_CPL=1, SUM_UNOPE_MAIL=0}]
[2013-09-13 15:36:16,298] DEBUG   
     将要获取总数详细
[2013-09-13 15:36:16,302] DEBUG   
     总数详细=[{SEND_USER_ID=19000, MAIL_TITLE=给客户经理留言, SEND_TIME=20130903140940, SEND_USER_NAME=管理员9000, MAIL_CONTENT=<p>给客户经理留言给客户经理留言给客户经理留言给客户经理留言<br /></p>}]
[2013-09-13 15:36:44,176] DEBUG   
     GetmailList开始。。。
[2013-09-13 15:36:44,177] DEBUG   
     map = {saledptcenterid=, saledptid=, time1=20130900000000, time2=20130999999999, comid=11610101, slsmanid=}
[2013-09-13 15:36:44,180] DEBUG   
     List = [{ORG=11610100, SUM_MAIL=0, SUM_ELSE=0, SUM_MSG=1, SUM_OPE_MSG=0, SUM_CPL=1, SUM_UNOPE_MSG=1, SUM_OPE_SUG=0, SUM_OPE_ELSE=0, SUM_UNOPE_ELSE=0, SUM_OPE_CPL=0, SUM_OPE_MAIL=0, SUM_SUG=0, SUM_UNOPE_SUG=0, SUM_UNOPE_CPL=1, SUM_UNOPE_MAIL=0}]
[2013-09-13 15:36:46,212] DEBUG   
     将要获取总数详细
[2013-09-13 15:36:46,215] DEBUG   
     总数详细=[{SEND_USER_ID=19000, MAIL_TITLE=投诉, SEND_TIME=20130903141000, SEND_USER_NAME=管理员9000, MAIL_CONTENT=<p>投诉投诉投诉投诉投诉投诉投诉<br /></p>}]
[2013-09-13 15:37:43,509] DEBUG   
     GetmailList开始。。。
[2013-09-13 15:37:43,509] DEBUG   
     map = {saledptcenterid=, saledptid=, time1=20130900000000, time2=20130999999999, comid=11610101, slsmanid=}
[2013-09-13 15:37:43,513] DEBUG   
     List = [{ORG=11610100, SUM_MAIL=0, SUM_ELSE=0, SUM_MSG=1, SUM_OPE_MSG=0, SUM_CPL=1, SUM_UNOPE_MSG=1, SUM_OPE_SUG=0, SUM_OPE_ELSE=0, SUM_UNOPE_ELSE=0, SUM_OPE_CPL=0, SUM_OPE_MAIL=0, SUM_SUG=0, SUM_UNOPE_SUG=0, SUM_UNOPE_CPL=1, SUM_UNOPE_MAIL=0}]
[2013-09-13 15:37:45,552] DEBUG   
     将要获取总数详细
[2013-09-13 15:37:45,556] DEBUG   
     总数详细=[{SEND_USER_ID=19000, MAIL_TITLE=投诉, SEND_TIME=20130903141000, SEND_USER_NAME=管理员9000, MAIL_CONTENT=<p>投诉投诉投诉投诉投诉投诉投诉<br /></p>}]
[2013-09-13 15:38:01,460] DEBUG   
     将要获取总数详细
[2013-09-13 15:38:01,463] DEBUG   
     总数详细=[{SEND_USER_ID=19000, MAIL_TITLE=投诉, SEND_TIME=20130903141000, SEND_USER_NAME=管理员9000, MAIL_CONTENT=<p>投诉投诉投诉投诉投诉投诉投诉<br /></p>}]
[2013-09-13 15:39:11,932] DEBUG   
     GetmailList开始。。。
[2013-09-13 15:39:11,932] DEBUG   
     map = {saledptcenterid=, saledptid=, time1=20130900000000, time2=20130999999999, comid=11610101, slsmanid=}
[2013-09-13 15:39:11,936] DEBUG   
     List = [{ORG=11610100, SUM_MAIL=0, SUM_ELSE=0, SUM_MSG=1, SUM_OPE_MSG=0, SUM_CPL=1, SUM_UNOPE_MSG=1, SUM_OPE_SUG=0, SUM_OPE_ELSE=0, SUM_UNOPE_ELSE=0, SUM_OPE_CPL=0, SUM_OPE_MAIL=0, SUM_SUG=0, SUM_UNOPE_SUG=0, SUM_UNOPE_CPL=1, SUM_UNOPE_MAIL=0}]
[2013-09-13 15:39:13,944] DEBUG   
     将要获取总数详细
[2013-09-13 15:39:13,947] DEBUG   
     总数详细=[{SEND_USER_ID=19000, MAIL_TITLE=投诉, SEND_TIME=20130903141000, SEND_USER_NAME=管理员9000, MAIL_CONTENT=<p>投诉投诉投诉投诉投诉投诉投诉<br /></p>}]
[2013-09-13 15:39:20,250] DEBUG   
     将要获取总数详细
[2013-09-13 15:39:20,253] DEBUG   
     总数详细=[{SEND_USER_ID=19000, MAIL_TITLE=投诉, SEND_TIME=20130903141000, SEND_USER_NAME=管理员9000, MAIL_CONTENT=<p>投诉投诉投诉投诉投诉投诉投诉<br /></p>}]
[2013-09-13 15:41:20,575] DEBUG   
     GetmailList开始。。。
[2013-09-13 15:41:20,575] DEBUG   
     map = {saledptcenterid=, saledptid=, time1=20130900000000, time2=20130999999999, comid=11610101, slsmanid=}
[2013-09-13 15:41:20,579] DEBUG   
     List = [{ORG=11610100, SUM_MAIL=0, SUM_ELSE=0, SUM_MSG=1, SUM_OPE_MSG=0, SUM_CPL=1, SUM_UNOPE_MSG=1, SUM_OPE_SUG=0, SUM_OPE_ELSE=0, SUM_UNOPE_ELSE=0, SUM_OPE_CPL=0, SUM_OPE_MAIL=0, SUM_SUG=0, SUM_UNOPE_SUG=0, SUM_UNOPE_CPL=1, SUM_UNOPE_MAIL=0}]
[2013-09-13 15:41:22,480] DEBUG   
     将要获取总数详细
[2013-09-13 15:41:22,484] DEBUG   
     总数详细=[{SEND_USER_ID=19000, MAIL_TITLE=投诉, SEND_TIME=20130903141000, SEND_USER_NAME=管理员9000, MAIL_CONTENT=<p>投诉投诉投诉投诉投诉投诉投诉<br /></p>}]
[2013-09-13 15:45:00,243] DEBUG   
     将要获取总数详细
[2013-09-13 15:45:00,247] DEBUG   
     总数详细=[{SEND_USER_ID=19000, MAIL_TITLE=投诉, SEND_TIME=20130903141000, SEND_USER_NAME=管理员9000, MAIL_CONTENT=<p>投诉投诉投诉投诉投诉投诉投诉<br /></p>}]
[2013-09-13 15:45:21,076] DEBUG   
     将要获取总数详细
[2013-09-13 15:45:21,121] DEBUG   
     总数详细=[{SEND_USER_ID=19000, MAIL_TITLE=投诉, SEND_TIME=20130903141000, SEND_USER_NAME=管理员9000, MAIL_CONTENT=<p>投诉投诉投诉投诉投诉投诉投诉<br /></p>}]
[2013-09-13 15:45:25,515] DEBUG   
     将要获取总数详细
[2013-09-13 15:45:26,010] DEBUG   
     总数详细=[{SEND_USER_ID=19000, MAIL_TITLE=投诉, SEND_TIME=20130903141000, SEND_USER_NAME=管理员9000, MAIL_CONTENT=<p>投诉投诉投诉投诉投诉投诉投诉<br /></p>}]
[2013-09-13 15:45:58,494] DEBUG   
     GetmailList开始。。。
[2013-09-13 15:45:58,494] DEBUG   
     map = {saledptcenterid=, saledptid=, time1=20130900000000, time2=20130999999999, comid=11610101, slsmanid=}
[2013-09-13 15:45:58,571] DEBUG   
     List = [{ORG=11610100, SUM_MAIL=0, SUM_ELSE=0, SUM_MSG=1, SUM_OPE_MSG=0, SUM_CPL=1, SUM_UNOPE_MSG=1, SUM_OPE_SUG=0, SUM_OPE_ELSE=0, SUM_UNOPE_ELSE=0, SUM_OPE_CPL=0, SUM_OPE_MAIL=0, SUM_SUG=0, SUM_UNOPE_SUG=0, SUM_UNOPE_CPL=1, SUM_UNOPE_MAIL=0}]
[2013-09-13 15:46:00,766] DEBUG   
     将要获取总数详细
[2013-09-13 15:46:00,839] DEBUG   
     总数详细=[{SEND_USER_ID=19000, MAIL_TITLE=给客户经理留言, SEND_TIME=20130903140940, SEND_USER_NAME=管理员9000, MAIL_CONTENT=<p>给客户经理留言给客户经理留言给客户经理留言给客户经理留言<br /></p>}]
[2013-09-13 15:46:46,072] DEBUG   
     GetmailList开始。。。
[2013-09-13 15:46:46,073] DEBUG   
     map = {saledptcenterid=, saledptid=, time1=20130900000000, time2=20130999999999, comid=11610101, slsmanid=}
[2013-09-13 15:46:46,171] DEBUG   
     List = [{ORG=11610100, SUM_MAIL=0, SUM_ELSE=0, SUM_MSG=1, SUM_OPE_MSG=0, SUM_CPL=1, SUM_UNOPE_MSG=1, SUM_OPE_SUG=0, SUM_OPE_ELSE=0, SUM_UNOPE_ELSE=0, SUM_OPE_CPL=0, SUM_OPE_MAIL=0, SUM_SUG=0, SUM_UNOPE_SUG=0, SUM_UNOPE_CPL=1, SUM_UNOPE_MAIL=0}]
[2013-09-13 15:46:48,097] DEBUG   
     将要获取总数详细
[2013-09-13 15:46:48,414] DEBUG   
     总数详细=[{SEND_USER_ID=19000, MAIL_TITLE=投诉, SEND_TIME=20130903141000, SEND_USER_NAME=管理员9000, MAIL_CONTENT=<p>投诉投诉投诉投诉投诉投诉投诉<br /></p>}]
[2013-09-13 15:47:33,167] DEBUG   
     GetmailList开始。。。
[2013-09-13 15:47:33,179] DEBUG   
     map = {saledptcenterid=, saledptid=, time1=20130900000000, time2=20130999999999, comid=11610101, slsmanid=}
[2013-09-13 15:47:33,225] DEBUG   
     List = [{ORG=11610100, SUM_MAIL=0, SUM_ELSE=0, SUM_MSG=1, SUM_OPE_MSG=0, SUM_CPL=1, SUM_UNOPE_MSG=1, SUM_OPE_SUG=0, SUM_OPE_ELSE=0, SUM_UNOPE_ELSE=0, SUM_OPE_CPL=0, SUM_OPE_MAIL=0, SUM_SUG=0, SUM_UNOPE_SUG=0, SUM_UNOPE_CPL=1, SUM_UNOPE_MAIL=0}]
[2013-09-13 15:47:36,285] DEBUG   
     将要获取总数详细
[2013-09-13 15:47:36,310] DEBUG   
     总数详细=[{SEND_USER_ID=19000, MAIL_TITLE=投诉, SEND_TIME=20130903141000, SEND_USER_NAME=管理员9000, MAIL_CONTENT=<p>投诉投诉投诉投诉投诉投诉投诉<br /></p>}]
[2013-09-13 15:47:43,270] DEBUG   
     将要获取总数详细
[2013-09-13 15:47:43,295] DEBUG   
     总数详细=[{SEND_USER_ID=19000, MAIL_TITLE=投诉, SEND_TIME=20130903141000, SEND_USER_NAME=管理员9000, MAIL_CONTENT=<p>投诉投诉投诉投诉投诉投诉投诉<br /></p>}]
[2013-09-13 15:52:04,756] DEBUG   
     GetmailList开始。。。
[2013-09-13 15:52:04,765] DEBUG   
     map = {saledptcenterid=, saledptid=, time1=20130900000000, time2=20130999999999, comid=11610101, slsmanid=}
[2013-09-13 15:52:04,863] DEBUG   
     List = [{ORG=11610100, SUM_MAIL=0, SUM_ELSE=0, SUM_MSG=1, SUM_OPE_MSG=0, SUM_CPL=1, SUM_UNOPE_MSG=1, SUM_OPE_SUG=0, SUM_OPE_ELSE=0, SUM_UNOPE_ELSE=0, SUM_OPE_CPL=0, SUM_OPE_MAIL=0, SUM_SUG=0, SUM_UNOPE_SUG=0, SUM_UNOPE_CPL=1, SUM_UNOPE_MAIL=0}]
[2013-09-13 15:52:06,914] DEBUG   
     将要获取总数详细
[2013-09-13 15:52:06,998] DEBUG   
     总数详细=[{SEND_USER_ID=19000, MAIL_TITLE=投诉, SEND_TIME=20130903141000, SEND_USER_NAME=管理员9000, MAIL_CONTENT=<p>投诉投诉投诉投诉投诉投诉投诉<br /></p>}]
[2013-09-13 15:52:14,156] DEBUG   
     将要获取总数详细
[2013-09-13 15:52:14,231] DEBUG   
     总数详细=[{SEND_USER_ID=19000, MAIL_TITLE=投诉, SEND_TIME=20130903141000, SEND_USER_NAME=管理员9000, MAIL_CONTENT=<p>投诉投诉投诉投诉投诉投诉投诉<br /></p>}]
[2013-09-13 15:52:22,515] DEBUG   
     将要获取总数详细
[2013-09-13 15:52:22,563] DEBUG   
     总数详细=[{SEND_USER_ID=19000, MAIL_TITLE=投诉, SEND_TIME=20130903141000, SEND_USER_NAME=管理员9000, MAIL_CONTENT=<p>投诉投诉投诉投诉投诉投诉投诉<br /></p>}]
[2013-09-13 15:53:00,528] DEBUG   
     GetmailList开始。。。
[2013-09-13 15:53:00,528] DEBUG   
     map = {saledptcenterid=, saledptid=, time1=20130900000000, time2=20130999999999, comid=11610101, slsmanid=}
[2013-09-13 15:53:00,577] DEBUG   
     List = [{ORG=11610100, SUM_MAIL=0, SUM_ELSE=0, SUM_MSG=1, SUM_OPE_MSG=0, SUM_CPL=1, SUM_UNOPE_MSG=1, SUM_OPE_SUG=0, SUM_OPE_ELSE=0, SUM_UNOPE_ELSE=0, SUM_OPE_CPL=0, SUM_OPE_MAIL=0, SUM_SUG=0, SUM_UNOPE_SUG=0, SUM_UNOPE_CPL=1, SUM_UNOPE_MAIL=0}]
[2013-09-13 15:53:02,935] DEBUG   
     将要获取总数详细
[2013-09-13 15:53:02,946] DEBUG   
     总数详细=[{SEND_USER_ID=19000, MAIL_TITLE=投诉, SEND_TIME=20130903141000, SEND_USER_NAME=管理员9000, MAIL_CONTENT=<p>投诉投诉投诉投诉投诉投诉投诉<br /></p>}]
[2013-09-13 15:55:22,460] DEBUG   
     GetmailList开始。。。
[2013-09-13 15:55:22,465] DEBUG   
     map = {saledptcenterid=, saledptid=, time1=20130900000000, time2=20130999999999, comid=11610101, slsmanid=}
[2013-09-13 15:55:22,514] DEBUG   
     List = [{ORG=11610100, SUM_MAIL=0, SUM_ELSE=0, SUM_MSG=1, SUM_OPE_MSG=0, SUM_CPL=1, SUM_UNOPE_MSG=1, SUM_OPE_SUG=0, SUM_OPE_ELSE=0, SUM_UNOPE_ELSE=0, SUM_OPE_CPL=0, SUM_OPE_MAIL=0, SUM_SUG=0, SUM_UNOPE_SUG=0, SUM_UNOPE_CPL=1, SUM_UNOPE_MAIL=0}]
[2013-09-13 15:55:24,704] DEBUG   
     将要获取总数详细
[2013-09-13 15:55:24,715] DEBUG   
     总数详细=[{SEND_USER_ID=19000, MAIL_TITLE=投诉, SEND_TIME=20130903141000, SEND_USER_NAME=管理员9000, MAIL_CONTENT=<p>投诉投诉投诉投诉投诉投诉投诉<br /></p>}]
[2013-09-13 15:55:30,577] DEBUG   
     将要获取总数详细
[2013-09-13 15:55:30,581] DEBUG   
     总数详细=[{SEND_USER_ID=19000, MAIL_TITLE=投诉, SEND_TIME=20130903141000, SEND_USER_NAME=管理员9000, MAIL_CONTENT=<p>投诉投诉投诉投诉投诉投诉投诉<br /></p>}]
[2013-09-13 15:57:50,463] DEBUG   
     GetmailList开始。。。
[2013-09-13 15:57:50,467] DEBUG   
     map = {saledptcenterid=, saledptid=, time1=20130900000000, time2=20130999999999, comid=11610101, slsmanid=}
[2013-09-13 15:57:50,514] DEBUG   
     List = [{ORG=11610100, SUM_MAIL=0, SUM_ELSE=0, SUM_MSG=1, SUM_OPE_MSG=0, SUM_CPL=1, SUM_UNOPE_MSG=1, SUM_OPE_SUG=0, SUM_OPE_ELSE=0, SUM_UNOPE_ELSE=0, SUM_OPE_CPL=0, SUM_OPE_MAIL=0, SUM_SUG=0, SUM_UNOPE_SUG=0, SUM_UNOPE_CPL=1, SUM_UNOPE_MAIL=0}]
[2013-09-13 15:57:52,881] DEBUG   
     将要获取总数详细
[2013-09-13 15:57:52,940] DEBUG   
     总数详细=[{SEND_USER_ID=19000, MAIL_TITLE=投诉, SEND_TIME=20130903141000, SEND_USER_NAME=管理员9000, MAIL_CONTENT=<p>投诉投诉投诉投诉投诉投诉投诉<br /></p>}]
[2013-09-13 15:57:58,281] DEBUG   
     将要获取总数详细
[2013-09-13 15:57:58,287] DEBUG   
     总数详细=[{SEND_USER_ID=19000, MAIL_TITLE=给客户经理留言, SEND_TIME=20130903140940, SEND_USER_NAME=管理员9000, MAIL_CONTENT=<p>给客户经理留言给客户经理留言给客户经理留言给客户经理留言<br /></p>}]
[2013-09-13 16:01:52,647] DEBUG   
     将要获取总数详细
[2013-09-13 16:01:52,714] DEBUG   
     总数详细=[{SEND_USER_ID=19000, MAIL_TITLE=投诉, SEND_TIME=20130903141000, SEND_USER_NAME=管理员9000, MAIL_CONTENT=<p>投诉投诉投诉投诉投诉投诉投诉<br /></p>}]
[2013-09-13 16:02:00,138] DEBUG   
     List = [{SEND_USER_ID=19000, MAIL_TITLE=给客户经理留言, SEND_TIME=20130903140940, SEND_USER_NAME=管理员9000, MAIL_CONTENT=<p>给客户经理留言给客户经理留言给客户经理留言给客户经理留言<br /></p>}]
[2013-09-13 16:02:23,861] DEBUG   
     将要获取总数详细
[2013-09-13 16:02:23,880] DEBUG   
     总数详细=[{SEND_USER_ID=19000, MAIL_TITLE=投诉, SEND_TIME=20130903141000, SEND_USER_NAME=管理员9000, MAIL_CONTENT=<p>投诉投诉投诉投诉投诉投诉投诉<br /></p>}]
[2013-09-13 16:06:41,046] DEBUG   
     GetmailList开始。。。
[2013-09-13 16:06:41,051] DEBUG   
     map = {saledptcenterid=, saledptid=, time1=20130900000000, time2=20130999999999, comid=11610101, slsmanid=}
[2013-09-13 16:06:41,068] DEBUG   
     List = [{ORG=11610100, SUM_MAIL=0, SUM_ELSE=0, SUM_MSG=1, SUM_OPE_MSG=0, SUM_CPL=1, SUM_UNOPE_MSG=1, SUM_OPE_SUG=0, SUM_OPE_ELSE=0, SUM_UNOPE_ELSE=0, SUM_OPE_CPL=0, SUM_OPE_MAIL=0, SUM_SUG=0, SUM_UNOPE_SUG=0, SUM_UNOPE_CPL=1, SUM_UNOPE_MAIL=0}]
[2013-09-13 16:06:42,634] DEBUG   
     将要获取总数详细
[2013-09-13 16:06:42,650] DEBUG   
     总数详细=[{SEND_USER_ID=19000, MAIL_TITLE=投诉, SEND_TIME=20130903141000, SEND_USER_NAME=管理员9000, MAIL_CONTENT=<p>投诉投诉投诉投诉投诉投诉投诉<br /></p>}]
[2013-09-13 16:06:49,092] DEBUG   
     将要获取总数详细
[2013-09-13 16:06:49,095] DEBUG   
     总数详细=[{SEND_USER_ID=19000, MAIL_TITLE=投诉, SEND_TIME=20130903141000, SEND_USER_NAME=管理员9000, MAIL_CONTENT=<p>投诉投诉投诉投诉投诉投诉投诉<br /></p>}]
[2013-09-13 16:07:07,205] DEBUG   
     将要获取总数详细
[2013-09-13 16:07:07,209] DEBUG   
     总数详细=[{SEND_USER_ID=19000, MAIL_TITLE=给客户经理留言, SEND_TIME=20130903140940, SEND_USER_NAME=管理员9000, MAIL_CONTENT=<p>给客户经理留言给客户经理留言给客户经理留言给客户经理留言<br /></p>}]
[2013-09-13 16:15:08,650] DEBUG   
     GetmailList开始。。。
[2013-09-13 16:15:08,666] DEBUG   
     map = {saledptcenterid=, saledptid=, time1=20130900000000, time2=20130999999999, comid=11610101, slsmanid=}
[2013-09-13 16:15:08,853] DEBUG   
     List = [{ORG=11610100, SUM_MAIL=0, SUM_ELSE=0, SUM_MSG=1, SUM_OPE_MSG=0, SUM_CPL=1, SUM_UNOPE_MSG=1, SUM_OPE_SUG=0, SUM_OPE_ELSE=0, SUM_UNOPE_ELSE=0, SUM_OPE_CPL=0, SUM_OPE_MAIL=0, SUM_SUG=0, SUM_UNOPE_SUG=0, SUM_UNOPE_CPL=1, SUM_UNOPE_MAIL=0}]
[2013-09-13 16:15:10,384] DEBUG   
     将要获取总数详细
[2013-09-13 16:15:10,401] DEBUG   
     总数详细=[{SEND_USER_ID=19000, MAIL_TITLE=投诉, SEND_TIME=20130903141000, SEND_USER_NAME=管理员9000, MAIL_CONTENT=<p>投诉投诉投诉投诉投诉投诉投诉<br /></p>}]
[2013-09-13 16:15:13,828] DEBUG   
     将要获取总数详细
[2013-09-13 16:15:13,832] DEBUG   
     总数详细=[{SEND_USER_ID=19000, MAIL_TITLE=给客户经理留言, SEND_TIME=20130903140940, SEND_USER_NAME=管理员9000, MAIL_CONTENT=<p>给客户经理留言给客户经理留言给客户经理留言给客户经理留言<br /></p>}]
[2013-09-13 16:34:15,710] DEBUG   
     GetmailList开始。。。
[2013-09-13 16:34:15,721] DEBUG   
     map = {saledptcenterid=, saledptid=, time1=20130900000000, time2=20130999999999, comid=11610101, slsmanid=}
[2013-09-13 16:34:15,887] DEBUG   
     List = [{ORG=11610100, SUM_MAIL=0, SUM_ELSE=0, SUM_MSG=1, SUM_OPE_MSG=0, SUM_CPL=1, SUM_UNOPE_MSG=1, SUM_OPE_SUG=0, SUM_OPE_ELSE=0, SUM_UNOPE_ELSE=0, SUM_OPE_CPL=0, SUM_OPE_MAIL=0, SUM_SUG=0, SUM_UNOPE_SUG=0, SUM_UNOPE_CPL=1, SUM_UNOPE_MAIL=0}]
[2013-09-13 16:34:18,176] DEBUG   
     将要获取总数详细
[2013-09-13 16:34:18,221] DEBUG   
     总数详细=[{SEND_USER_ID=19000, MAIL_TITLE=投诉, SEND_TIME=20130903141000, SEND_USER_NAME=管理员9000, MAIL_CONTENT=<p>投诉投诉投诉投诉投诉投诉投诉<br /></p>}]
[2013-09-13 16:36:02,002] DEBUG   
     GetmailList开始。。。
[2013-09-13 16:36:02,003] DEBUG   
     map = {saledptcenterid=, saledptid=, time1=20130900000000, time2=20130999999999, comid=11610101, slsmanid=}
[2013-09-13 16:36:02,016] DEBUG   
     List = [{ORG=11610100, SUM_MAIL=0, SUM_ELSE=0, SUM_MSG=1, SUM_OPE_MSG=0, SUM_CPL=1, SUM_UNOPE_MSG=1, SUM_OPE_SUG=0, SUM_OPE_ELSE=0, SUM_UNOPE_ELSE=0, SUM_OPE_CPL=0, SUM_OPE_MAIL=0, SUM_SUG=0, SUM_UNOPE_SUG=0, SUM_UNOPE_CPL=1, SUM_UNOPE_MAIL=0}]
[2013-09-13 16:36:04,311] DEBUG   
     将要获取总数详细
[2013-09-13 16:36:04,318] DEBUG   
     总数详细=[{SEND_USER_ID=19000, MAIL_TITLE=投诉, SEND_TIME=20130903141000, SEND_USER_NAME=管理员9000, MAIL_CONTENT=<p>投诉投诉投诉投诉投诉投诉投诉<br /></p>}]
[2013-09-13 16:36:13,729] DEBUG   
     将要获取总数详细
[2013-09-13 16:36:13,735] DEBUG   
     总数详细=[{SEND_USER_ID=19000, MAIL_TITLE=给客户经理留言, SEND_TIME=20130903140940, SEND_USER_NAME=管理员9000, MAIL_CONTENT=<p>给客户经理留言给客户经理留言给客户经理留言给客户经理留言<br /></p>}]
[2013-09-13 16:36:31,643] DEBUG   
     GetmailList开始。。。
[2013-09-13 16:36:31,643] DEBUG   
     map = {saledptcenterid=, saledptid=, time1=20130900000000, time2=20130999999999, comid=11610101, slsmanid=}
[2013-09-13 16:36:31,648] DEBUG   
     List = [{ORG=11610100, SUM_MAIL=0, SUM_ELSE=0, SUM_MSG=1, SUM_OPE_MSG=0, SUM_CPL=1, SUM_UNOPE_MSG=1, SUM_OPE_SUG=0, SUM_OPE_ELSE=0, SUM_UNOPE_ELSE=0, SUM_OPE_CPL=0, SUM_OPE_MAIL=0, SUM_SUG=0, SUM_UNOPE_SUG=0, SUM_UNOPE_CPL=1, SUM_UNOPE_MAIL=0}]
[2013-09-13 16:36:33,490] DEBUG   
     List = [{SEND_USER_ID=19000, MAIL_TITLE=投诉, SEND_TIME=null, SEND_USER_NAME=管理员9000, MAIL_CONTENT=<p>投诉投诉投诉投诉投诉投诉投诉<br /></p>}]
