[2013-09-10 14:42:33,054] DEBUG   
     scComId11111 = 11620901,orgCode=11620901
[2013-09-10 14:44:13,284] DEBUG   
     scComId11111 = 11610101,orgCode=11610101
[2013-09-10 14:46:29,301] DEBUG   
     scComId11111 = 11620901,orgCode=11620901
[2013-09-10 14:46:44,533] DEBUG   
     scComId11111 = 11620901,orgCode=11620901
[2013-09-10 14:46:54,972] DEBUG   
     scComId11111 = 11620901,orgCode=11620901
[2013-09-10 14:46:56,072] DEBUG   
     scComId11111 = 11620901,orgCode=11620901
[2013-09-10 14:46:58,106] DEBUG   
     scComId11111 = 11620901,orgCode=11620901
[2013-09-10 14:46:59,629] DEBUG   
     scComId11111 = 11620901,orgCode=11620901
[2013-09-10 14:49:00,793] DEBUG   
     scComId11111 = 11610101,orgCode=11610101
[2013-09-10 14:51:48,621] DEBUG   
     scComId11111 = 11620901,orgCode=11620901
[2013-09-10 14:52:53,961] DEBUG   
     scComId11111 = 11620901,orgCode=11620901
[2013-09-10 14:52:53,975] DEBUG   
     ext = EXTEND_COLUMN#WEEKDAY#CUSTGEOTYPE,城市#CUSTTYPE,商场
[2013-09-10 14:55:51,227] DEBUG   
     scComId11111 = 11610101,orgCode=11610101
[2013-09-10 14:59:54,485] DEBUG   
     scComId11111 = 11620901,orgCode=11620901
[2013-09-10 14:59:56,873] DEBUG   
     scComId11111 = 11620901,orgCode=11620901
[2013-09-10 14:59:59,741] DEBUG   
     scComId11111 = 11620901,orgCode=11620901
[2013-09-10 15:00:00,584] DEBUG   
     scComId11111 = 11620901,orgCode=11620901
[2013-09-10 15:00:01,676] DEBUG   
     scComId11111 = 11620901,orgCode=11620901
[2013-09-10 15:00:02,199] DEBUG   
     scComId11111 = 11620901,orgCode=11620901
[2013-09-10 15:00:02,516] DEBUG   
     scComId11111 = 11620901,orgCode=11620901
[2013-09-10 15:00:03,164] DEBUG   
     scComId11111 = 11620901,orgCode=11620901
[2013-09-10 15:00:03,997] DEBUG   
     scComId11111 = 11620901,orgCode=11620901
[2013-09-10 15:00:05,195] DEBUG   
     scComId11111 = 11620901,orgCode=11620901
[2013-09-10 15:00:05,961] DEBUG   
     scComId11111 = 11620901,orgCode=11620901
[2013-09-10 15:00:06,690] DEBUG   
     scComId11111 = 11620901,orgCode=11620901
[2013-09-10 15:00:07,525] DEBUG   
     scComId11111 = 11620901,orgCode=11620901
[2013-09-10 15:00:08,169] DEBUG   
     scComId11111 = 11620901,orgCode=11620901
[2013-09-10 15:00:08,199] DEBUG   
     ext = EXTEND_COLUMN#WEEKDAY#CUSTGEOTYPE,城市#CUSTTYPE,商场
[2013-09-10 15:11:24,487] DEBUG   
     scComId11111 = 11620901,orgCode=11620901
[2013-09-10 15:11:24,500] DEBUG   
     ext = EXTEND_COLUMN#WEEKDAY#CUSTGEOTYPE,城市#CUSTTYPE,商场
[2013-09-10 15:19:55,227] DEBUG   
     scComId11111 = 11610101,orgCode=11610101
[2013-09-10 15:24:25,121] DEBUG   
     scComId11111 = 11610101,orgCode=11610101
[2013-09-10 15:26:30,452] DEBUG   
     scComId11111 = 11610101,orgCode=11610101
[2013-09-10 15:29:16,143] DEBUG   
     scComId11111 = 11610101,orgCode=11610101
[2013-09-10 15:29:26,606] DEBUG   
     scComId11111 = 11610101,orgCode=11610101
[2013-09-10 15:30:29,328] DEBUG   
     scComId11111 = 11610101,orgCode=11610101
[2013-09-10 15:34:52,060] DEBUG   
     scComId11111 = 11610101,orgCode=11610101
[2013-09-10 15:36:24,054] DEBUG   
     scComId11111 = 11620901,orgCode=11620901
[2013-09-10 15:36:28,832] DEBUG   
     scComId11111 = 11620901,orgCode=11620901
[2013-09-10 15:44:45,772] DEBUG   
     scComId11111 = 11620901,orgCode=11620901
[2013-09-10 15:46:29,363] DEBUG   
     scComId11111 = 11610101,orgCode=11610101
[2013-09-10 15:47:48,941] DEBUG   
     scComId11111 = 11610101,orgCode=11610101
[2013-09-10 15:50:58,482] DEBUG   
     scComId11111 = 11610101,orgCode=11610101
[2013-09-10 15:54:52,279] DEBUG   
     scComId11111 = 11610101,orgCode=11610101
[2013-09-10 15:56:18,841] DEBUG   
     scComId11111 = 11610101,orgCode=11610101
[2013-09-10 15:58:58,274] DEBUG   
     scComId11111 = 11610101,orgCode=11610101
[2013-09-10 15:59:04,616] DEBUG   
     scComId11111 = 11610101,orgCode=11610101
[2013-09-10 16:04:13,565] DEBUG   
     scComId11111 = 11620901,orgCode=11620901
[2013-09-10 16:04:45,360] DEBUG   
     scComId11111 = 11620901,orgCode=11620901
[2013-09-10 16:06:34,779] DEBUG   
     scComId11111 = 11620901,orgCode=11620901
[2013-09-10 16:20:23,149] DEBUG   
     scComId11111 = null,orgCode=11610101
[2013-09-10 16:28:59,930] DEBUG   
     scComId11111 = 11610101,orgCode=11610101
[2013-09-10 16:30:10,664] DEBUG   
     scComId11111 = null,orgCode=11620901
[2013-09-10 16:30:10,685] DEBUG   
     ext = EXTEND_COLUMN#WEEKDAY#CUSTGEOTYPE#CUSTTYPE,便利店
[2013-09-10 16:30:23,669] DEBUG   
     scComId11111 = 11620901,orgCode=11620901
[2013-09-10 16:30:48,146] DEBUG   
     scComId11111 = 11610101,orgCode=11610101
[2013-09-10 16:33:51,890] DEBUG   
     scComId11111 = 11610101,orgCode=11610101
[2013-09-10 16:37:37,554] DEBUG   
     scComId11111 = 11610101,orgCode=11610101
[2013-09-10 16:40:32,015] DEBUG   
     scComId11111 = 11610101,orgCode=11610101
[2013-09-10 16:43:32,157] DEBUG   
     scComId11111 = 11610101,orgCode=11610101
[2013-09-10 16:43:46,318] DEBUG   
     scComId11111 = 11610101,orgCode=11610101
[2013-09-10 16:43:57,574] DEBUG   
     scComId11111 = 11610101,orgCode=11610101
[2013-09-10 16:44:51,904] DEBUG   
     scComId11111 = 11610101,orgCode=11610101
[2013-09-10 16:49:57,889] DEBUG   
     scComId11111 = 11610101,orgCode=11610101
[2013-09-10 16:55:34,812] DEBUG   
     scComId11111 = 11610101,orgCode=11610101
[2013-09-10 16:55:43,151] DEBUG   
     scComId11111 = 11610101,orgCode=11610101
[2013-09-10 16:57:48,983] DEBUG   
     scComId11111 = 11610101,orgCode=11610101
[2013-09-10 17:02:11,402] DEBUG   
     scComId11111 = 11610101,orgCode=11610101
[2013-09-10 17:03:46,019] DEBUG   
     scComId11111 = 11610101,orgCode=11610101
[2013-09-10 17:12:47,943] DEBUG   
     scComId11111 = 11610101,orgCode=11610101
[2013-09-10 17:13:59,829] DEBUG   
     scComId11111 = 11610101,orgCode=11610101
[2013-09-10 17:14:01,145] DEBUG   
     scComId11111 = 11610101,orgCode=11610101
[2013-09-10 17:14:46,158] DEBUG   
     scComId11111 = 11610101,orgCode=11610101
[2013-09-10 17:15:03,012] DEBUG   
     scComId11111 = 11610101,orgCode=11610101
[2013-09-10 17:16:21,220] DEBUG   
     scComId11111 = 11610101,orgCode=11610101
[2013-09-10 17:18:27,913] DEBUG   
     scComId11111 = 11610101,orgCode=11610101
[2013-09-10 17:18:40,637] DEBUG   
     scComId11111 = 11610101,orgCode=11610101
[2013-09-10 17:19:04,997] DEBUG   
     scComId11111 = 11610101,orgCode=11610101
[2013-09-10 17:43:36,653] DEBUG   
     scComId11111 = 11610101,orgCode=11610101
[2013-09-10 18:49:27,774] DEBUG   
     scComId11111 = 11610101,orgCode=11610101
[2013-09-10 18:49:48,819] DEBUG   
     scComId11111 = 11610101,orgCode=11610101
[2013-09-10 18:54:54,161] DEBUG   
     scComId11111 = 11610101,orgCode=11610101
[2013-09-10 18:57:38,953] DEBUG   
     scComId11111 = 11610101,orgCode=11610101
[2013-09-10 18:59:24,746] DEBUG   
     scComId11111 = 11610101,orgCode=11610101
[2013-09-10 19:21:22,338] DEBUG   
     scComId11111 = 11610101,orgCode=11610101
[2013-09-10 19:23:19,152] DEBUG   
     scComId11111 = 11610101,orgCode=11610101
[2013-09-10 19:35:12,659] DEBUG   
     scComId11111 = 11620901,orgCode=11620901
[2013-09-10 19:35:12,697] DEBUG   
     ext = EXTEND_COLUMN#WEEKDAY#CUSTGEOTYPE,乡村#CUSTTYPE,商场
[2013-09-10 19:35:29,554] DEBUG   
     scComId11111 = 11620901,orgCode=11620901
[2013-09-10 19:43:27,187] DEBUG   
     scComId11111 = 11610101,orgCode=11610101
[2013-09-10 19:58:57,064] DEBUG   
     scComId11111 = 11620901,orgCode=11620901
[2013-09-10 20:01:37,110] DEBUG   
     scComId11111 = 11620901,orgCode=11620901
[2013-09-10 21:15:43,069] DEBUG   
     scComId11111 = 11610101,orgCode=11610101
[2013-09-11 08:50:35,902] DEBUG   
     scComId11111 = 11610101,orgCode=11610101
[2013-09-11 08:51:10,964] DEBUG   
     scComId11111 = 11610101,orgCode=11610101
[2013-09-11 09:01:25,089] DEBUG   
     scComId11111 = 11610101,orgCode=11610101
[2013-09-11 09:06:18,740] DEBUG   
     scComId11111 = 11610101,orgCode=11610101
[2013-09-11 09:08:38,855] DEBUG   
     scComId11111 = 11610101,orgCode=11610101
[2013-09-11 09:10:04,526] DEBUG   
     scComId11111 = 11610101,orgCode=11610101
[2013-09-11 09:16:50,771] DEBUG   
     scComId11111 = 11610101,orgCode=11610101
[2013-09-11 09:18:04,695] DEBUG   
     scComId11111 = 11610101,orgCode=11610101
[2013-09-11 09:20:01,129] DEBUG   
     scComId11111 = 11610101,orgCode=11610101
[2013-09-11 09:22:47,117] DEBUG   
     scComId11111 = 11610101,orgCode=11610101
[2013-09-11 09:22:49,900] DEBUG   
     scComId11111 = 11610101,orgCode=11610101
[2013-09-11 09:23:21,634] DEBUG   
     scComId11111 = 11620901,orgCode=11620901
[2013-09-11 09:24:38,280] DEBUG   
     scComId11111 = 11620901,orgCode=11620901
[2013-09-11 09:25:23,069] DEBUG   
     scComId11111 = 11620901,orgCode=11620901
[2013-09-11 09:25:30,081] DEBUG   
     scComId11111 = 11610101,orgCode=11610101
[2013-09-11 09:29:54,702] DEBUG   
     scComId11111 = 11610101,orgCode=11610101
[2013-09-11 09:35:23,926] DEBUG   
     scComId11111 = 11620901,orgCode=11620901
[2013-09-11 09:35:23,952] DEBUG   
     ext = EXTEND_COLUMN#WEEKDAY#CUSTGEOTYPE,城市#CUSTTYPE,商场
[2013-09-11 09:43:25,668] DEBUG   
     scComId11111 = 11610101,orgCode=11610101
[2013-09-11 09:43:37,504] DEBUG   
     scComId11111 = 11610101,orgCode=11610101
[2013-09-11 09:43:38,656] DEBUG   
     scComId11111 = 11610101,orgCode=11610101
[2013-09-11 09:43:41,216] DEBUG   
     scComId11111 = 11610101,orgCode=11610101
[2013-09-11 09:44:00,254] DEBUG   
     scComId11111 = 11610101,orgCode=11610101
[2013-09-11 09:45:04,716] DEBUG   
     scComId11111 = 11610101,orgCode=11610101
[2013-09-11 09:45:06,369] DEBUG   
     scComId11111 = 11610101,orgCode=11610101
[2013-09-11 09:45:29,466] DEBUG   
     scComId11111 = 11610101,orgCode=11610101
[2013-09-11 09:46:14,773] DEBUG   
     scComId11111 = 11610101,orgCode=11610101
[2013-09-11 09:46:49,444] DEBUG   
     scComId11111 = 11610101,orgCode=11610101
[2013-09-11 09:46:51,204] DEBUG   
     scComId11111 = 11610101,orgCode=11610101
[2013-09-11 09:46:52,772] DEBUG   
     scComId11111 = 11610101,orgCode=11610101
[2013-09-11 09:46:58,766] DEBUG   
     scComId11111 = 11610101,orgCode=11610101
[2013-09-11 09:47:24,961] DEBUG   
     scComId11111 = 11610101,orgCode=11610101
[2013-09-11 09:47:56,924] DEBUG   
     scComId11111 = 11610101,orgCode=11610101
[2013-09-11 09:48:13,171] DEBUG   
     scComId11111 = 11610101,orgCode=11610101
[2013-09-11 09:49:04,410] DEBUG   
     scComId11111 = 11620901,orgCode=11620901
[2013-09-11 09:49:14,832] DEBUG   
     scComId11111 = 11620901,orgCode=11620901
[2013-09-11 09:49:15,384] DEBUG   
     scComId11111 = 11620901,orgCode=11620901
[2013-09-11 09:49:16,175] DEBUG   
     scComId11111 = 11620901,orgCode=11620901
[2013-09-11 09:49:17,142] DEBUG   
     scComId11111 = 11620901,orgCode=11620901
[2013-09-11 09:49:45,130] DEBUG   
     scComId11111 = 11620901,orgCode=11620901
[2013-09-11 09:49:45,990] DEBUG   
     scComId11111 = 11620901,orgCode=11620901
[2013-09-11 09:49:46,162] DEBUG   
     scComId11111 = 11620901,orgCode=11620901
[2013-09-11 09:49:46,293] DEBUG   
     scComId11111 = 11620901,orgCode=11620901
[2013-09-11 09:49:46,410] DEBUG   
     scComId11111 = 11620901,orgCode=11620901
[2013-09-11 09:49:46,549] DEBUG   
     scComId11111 = 11620901,orgCode=11620901
[2013-09-11 09:49:46,664] DEBUG   
     scComId11111 = 11620901,orgCode=11620901
[2013-09-11 09:49:47,600] DEBUG   
     scComId11111 = 11610101,orgCode=11610101
[2013-09-11 09:53:08,526] DEBUG   
     scComId11111 = 11620901,orgCode=11620901
[2013-09-11 09:53:08,857] DEBUG   
     ext = EXTEND_COLUMN#WEEKDAY#CUSTGEOTYPE,城市#CUSTTYPE,商场
[2013-09-11 09:53:34,714] DEBUG   
     scComId11111 = 11610101,orgCode=11610101
[2013-09-11 09:53:48,664] DEBUG   
     scComId11111 = 11610101,orgCode=11610101
[2013-09-11 09:54:57,542] DEBUG   
     scComId11111 = 11610101,orgCode=11610101
[2013-09-11 10:01:13,180] DEBUG   
     scComId11111 = 11620901,orgCode=11620901
[2013-09-11 10:01:13,209] DEBUG   
     ext = EXTEND_COLUMN#WEEKDAY#CUSTGEOTYPE,城市#CUSTTYPE,商场
[2013-09-11 10:01:25,459] DEBUG   
     scComId11111 = 11620901,orgCode=11620901
[2013-09-11 10:13:10,458] DEBUG   
     scComId11111 = 11620901,orgCode=11620901
[2013-09-11 10:13:11,981] DEBUG   
     scComId11111 = 11620901,orgCode=11620901
[2013-09-11 10:13:40,005] DEBUG   
     scComId11111 = 11620901,orgCode=11620901
[2013-09-11 10:13:40,669] DEBUG   
     scComId11111 = 11620901,orgCode=11620901
[2013-09-11 10:13:43,584] DEBUG   
     scComId11111 = 11620901,orgCode=11620901
[2013-09-11 10:14:02,490] DEBUG   
     scComId11111 = 11620901,orgCode=11620901
[2013-09-11 10:14:04,177] DEBUG   
     scComId11111 = 11620901,orgCode=11620901
[2013-09-11 10:14:04,807] DEBUG   
     scComId11111 = 11620901,orgCode=11620901
[2013-09-11 10:14:05,266] DEBUG   
     scComId11111 = 11620901,orgCode=11620901
[2013-09-11 10:14:05,797] DEBUG   
     scComId11111 = 11620901,orgCode=11620901
[2013-09-11 10:14:06,295] DEBUG   
     scComId11111 = 11620901,orgCode=11620901
[2013-09-11 10:14:06,831] DEBUG   
     scComId11111 = 11620901,orgCode=11620901
[2013-09-11 10:14:06,992] DEBUG   
     scComId11111 = 11620901,orgCode=11620901
[2013-09-11 10:14:07,137] DEBUG   
     scComId11111 = 11620901,orgCode=11620901
[2013-09-11 10:14:07,288] DEBUG   
     scComId11111 = 11620901,orgCode=11620901
[2013-09-11 10:14:07,428] DEBUG   
     scComId11111 = 11620901,orgCode=11620901
[2013-09-11 10:14:07,547] DEBUG   
     scComId11111 = 11620901,orgCode=11620901
[2013-09-11 10:14:07,674] DEBUG   
     scComId11111 = 11620901,orgCode=11620901
[2013-09-11 10:14:07,796] DEBUG   
     scComId11111 = 11620901,orgCode=11620901
[2013-09-11 10:14:07,916] DEBUG   
     scComId11111 = 11620901,orgCode=11620901
[2013-09-11 10:14:10,036] DEBUG   
     scComId11111 = 11620901,orgCode=11620901
[2013-09-11 10:14:10,908] DEBUG   
     scComId11111 = 11620901,orgCode=11620901
[2013-09-11 10:14:56,483] DEBUG   
     scComId11111 = 11620901,orgCode=11620901
[2013-09-11 10:18:29,249] DEBUG   
     scComId11111 = 11620901,orgCode=11620901
[2013-09-11 10:18:30,030] DEBUG   
     scComId11111 = 11620901,orgCode=11620901
[2013-09-11 10:18:30,182] DEBUG   
     scComId11111 = 11620901,orgCode=11620901
[2013-09-11 10:18:30,330] DEBUG   
     scComId11111 = 11620901,orgCode=11620901
[2013-09-11 10:18:30,472] DEBUG   
     scComId11111 = 11620901,orgCode=11620901
[2013-09-11 10:18:30,601] DEBUG   
     scComId11111 = 11620901,orgCode=11620901
[2013-09-11 10:18:30,743] DEBUG   
     scComId11111 = 11620901,orgCode=11620901
[2013-09-11 10:18:30,832] DEBUG   
     scComId11111 = 11620901,orgCode=11620901
[2013-09-11 10:18:30,965] DEBUG   
     scComId11111 = 11620901,orgCode=11620901
[2013-09-11 10:18:31,341] DEBUG   
     scComId11111 = 11620901,orgCode=11620901
[2013-09-11 10:18:31,693] DEBUG   
     scComId11111 = 11620901,orgCode=11620901
[2013-09-11 10:18:31,764] DEBUG   
     scComId11111 = 11620901,orgCode=11620901
[2013-09-11 10:18:31,889] DEBUG   
     scComId11111 = 11620901,orgCode=11620901
[2013-09-11 10:18:31,999] DEBUG   
     scComId11111 = 11620901,orgCode=11620901
[2013-09-11 10:18:32,123] DEBUG   
     scComId11111 = 11620901,orgCode=11620901
[2013-09-11 10:18:32,223] DEBUG   
     scComId11111 = 11620901,orgCode=11620901
[2013-09-11 10:18:32,341] DEBUG   
     scComId11111 = 11620901,orgCode=11620901
[2013-09-11 10:18:32,472] DEBUG   
     scComId11111 = 11620901,orgCode=11620901
[2013-09-11 10:18:32,590] DEBUG   
     scComId11111 = 11620901,orgCode=11620901
[2013-09-11 10:18:32,735] DEBUG   
     scComId11111 = 11620901,orgCode=11620901
[2013-09-11 10:18:32,862] DEBUG   
     scComId11111 = 11620901,orgCode=11620901
[2013-09-11 10:18:33,113] DEBUG   
     scComId11111 = 11620901,orgCode=11620901
[2013-09-11 10:18:33,263] DEBUG   
     scComId11111 = 11620901,orgCode=11620901
[2013-09-11 10:18:33,562] DEBUG   
     scComId11111 = 11620901,orgCode=11620901
[2013-09-11 10:18:33,721] DEBUG   
     scComId11111 = 11620901,orgCode=11620901
[2013-09-11 10:18:33,890] DEBUG   
     scComId11111 = 11620901,orgCode=11620901
[2013-09-11 10:18:34,249] DEBUG   
     scComId11111 = 11620901,orgCode=11620901
[2013-09-11 10:18:34,410] DEBUG   
     scComId11111 = 11620901,orgCode=11620901
[2013-09-11 10:18:34,578] DEBUG   
     scComId11111 = 11620901,orgCode=11620901
[2013-09-11 10:18:34,771] DEBUG   
     scComId11111 = 11620901,orgCode=11620901
[2013-09-11 10:21:46,190] DEBUG   
     scComId11111 = 11620901,orgCode=11620901
[2013-09-11 10:21:46,890] DEBUG   
     scComId11111 = 11620901,orgCode=11620901
[2013-09-11 10:23:53,915] DEBUG   
     scComId11111 = 11610101,orgCode=11610101
[2013-09-11 10:24:00,106] DEBUG   
     scComId11111 = 11610101,orgCode=11610101
[2013-09-11 10:24:15,516] DEBUG   
     scComId11111 = 11610101,orgCode=11610101
[2013-09-11 10:24:20,074] DEBUG   
     scComId11111 = 11610101,orgCode=11610101
[2013-09-11 10:24:33,654] DEBUG   
     scComId11111 = 11620901,orgCode=11620901
[2013-09-11 10:24:59,483] DEBUG   
     scComId11111 = 11620901,orgCode=11620901
[2013-09-11 10:36:56,747] DEBUG   
     scComId11111 = 11610101,orgCode=11610101
[2013-09-11 10:37:34,849] DEBUG   
     scComId11111 = 11610101,orgCode=11610101
[2013-09-11 10:37:58,362] DEBUG   
     scComId11111 = 11610101,orgCode=11610101
[2013-09-11 10:39:21,055] DEBUG   
     scComId11111 = 11610101,orgCode=11610101
[2013-09-11 10:44:29,642] DEBUG   
     scComId11111 = 11610101,orgCode=11610101
[2013-09-11 10:53:46,308] DEBUG   
     scComId11111 = 11620901,orgCode=11620901
[2013-09-11 10:53:51,819] DEBUG   
     scComId11111 = 11620901,orgCode=11620901
[2013-09-11 10:54:07,169] DEBUG   
     scComId11111 = 11620901,orgCode=11620901
[2013-09-11 10:54:11,890] DEBUG   
     scComId11111 = 11620901,orgCode=11620901
[2013-09-11 10:54:26,996] DEBUG   
     scComId11111 = 11620901,orgCode=11620901
[2013-09-11 10:58:20,793] DEBUG   
     scComId11111 = 11620901,orgCode=11620901
[2013-09-11 10:58:21,655] DEBUG   
     scComId11111 = 11620901,orgCode=11620901
[2013-09-11 10:58:21,816] DEBUG   
     scComId11111 = 11620901,orgCode=11620901
[2013-09-11 10:58:21,979] DEBUG   
     scComId11111 = 11620901,orgCode=11620901
[2013-09-11 10:58:22,106] DEBUG   
     scComId11111 = 11620901,orgCode=11620901
[2013-09-11 10:58:22,846] DEBUG   
     scComId11111 = 11620901,orgCode=11620901
[2013-09-11 10:58:23,597] DEBUG   
     scComId11111 = 11620901,orgCode=11620901
[2013-09-11 10:58:24,364] DEBUG   
     scComId11111 = 11620901,orgCode=11620901
[2013-09-11 10:58:38,237] DEBUG   
     scComId11111 = 11620901,orgCode=11620901
[2013-09-11 10:58:39,772] DEBUG   
     scComId11111 = 11620901,orgCode=11620901
[2013-09-11 10:58:40,649] DEBUG   
     scComId11111 = 11620901,orgCode=11620901
[2013-09-11 10:58:41,237] DEBUG   
     scComId11111 = 11620901,orgCode=11620901
[2013-09-11 10:58:41,404] DEBUG   
     scComId11111 = 11620901,orgCode=11620901
[2013-09-11 10:58:41,554] DEBUG   
     scComId11111 = 11620901,orgCode=11620901
[2013-09-11 10:58:41,673] DEBUG   
     scComId11111 = 11620901,orgCode=11620901
[2013-09-11 10:58:41,818] DEBUG   
     scComId11111 = 11620901,orgCode=11620901
[2013-09-11 10:58:41,949] DEBUG   
     scComId11111 = 11620901,orgCode=11620901
[2013-09-11 10:58:42,105] DEBUG   
     scComId11111 = 11620901,orgCode=11620901
[2013-09-11 10:58:42,236] DEBUG   
     scComId11111 = 11620901,orgCode=11620901
[2013-09-11 10:58:42,365] DEBUG   
     scComId11111 = 11620901,orgCode=11620901
[2013-09-11 10:58:42,857] DEBUG   
     scComId11111 = 11620901,orgCode=11620901
[2013-09-11 10:58:43,017] DEBUG   
     scComId11111 = 11620901,orgCode=11620901
[2013-09-11 10:58:43,216] DEBUG   
     scComId11111 = 11620901,orgCode=11620901
[2013-09-11 10:58:43,437] DEBUG   
     scComId11111 = 11620901,orgCode=11620901
[2013-09-11 10:58:43,800] DEBUG   
     scComId11111 = 11620901,orgCode=11620901
[2013-09-11 10:58:43,997] DEBUG   
     scComId11111 = 11620901,orgCode=11620901
[2013-09-11 10:58:44,168] DEBUG   
     scComId11111 = 11620901,orgCode=11620901
[2013-09-11 10:58:44,378] DEBUG   
     scComId11111 = 11620901,orgCode=11620901
[2013-09-11 10:59:30,435] DEBUG   
     scComId11111 = 11620901,orgCode=11620901
[2013-09-11 11:00:00,647] DEBUG   
     scComId11111 = 11620901,orgCode=11620901
[2013-09-11 11:00:24,209] DEBUG   
     scComId11111 = 11620901,orgCode=11620901
[2013-09-11 11:07:08,633] DEBUG   
     scComId11111 = 11620901,orgCode=11620901
[2013-09-11 11:07:08,633] DEBUG   
     scComId11111 = 11620901,orgCode=11620901
[2013-09-11 11:07:08,633] DEBUG   
     scComId11111 = 11620901,orgCode=11620901
[2013-09-11 11:07:08,633] DEBUG   
     scComId11111 = 11620901,orgCode=11620901
[2013-09-11 11:07:08,633] DEBUG   
     scComId11111 = 11620901,orgCode=11620901
[2013-09-11 11:07:08,633] DEBUG   
     scComId11111 = 11620901,orgCode=11620901
[2013-09-11 11:07:08,772] DEBUG   
     scComId11111 = 11620901,orgCode=11620901
[2013-09-11 11:07:08,822] DEBUG   
     scComId11111 = 11620901,orgCode=11620901
[2013-09-11 11:07:08,936] DEBUG   
     scComId11111 = 11620901,orgCode=11620901
[2013-09-11 11:08:06,521] DEBUG   
     scComId11111 = 11620901,orgCode=11620901
[2013-09-11 11:09:58,430] DEBUG   
     scComId11111 = 11620901,orgCode=11620901
[2013-09-11 11:10:09,401] DEBUG   
     scComId11111 = 11620901,orgCode=11620901
[2013-09-11 11:10:12,134] DEBUG   
     scComId11111 = 11620901,orgCode=11620901
[2013-09-11 11:10:13,379] DEBUG   
     scComId11111 = 11620901,orgCode=11620901
[2013-09-11 11:10:13,774] DEBUG   
     scComId11111 = 11620901,orgCode=11620901
[2013-09-11 11:10:14,203] DEBUG   
     scComId11111 = 11620901,orgCode=11620901
[2013-09-11 11:10:14,344] DEBUG   
     scComId11111 = 11620901,orgCode=11620901
[2013-09-11 11:10:14,611] DEBUG   
     scComId11111 = 11620901,orgCode=11620901
[2013-09-11 11:10:14,647] DEBUG   
     scComId11111 = 11620901,orgCode=11620901
[2013-09-11 11:10:15,082] DEBUG   
     scComId11111 = 11620901,orgCode=11620901
[2013-09-11 11:10:15,149] DEBUG   
     scComId11111 = 11620901,orgCode=11620901
[2013-09-11 11:10:15,394] DEBUG   
     scComId11111 = 11620901,orgCode=11620901
[2013-09-11 11:10:15,503] DEBUG   
     scComId11111 = 11620901,orgCode=11620901
[2013-09-11 11:10:15,608] DEBUG   
     scComId11111 = 11620901,orgCode=11620901
[2013-09-11 11:10:15,826] DEBUG   
     scComId11111 = 11620901,orgCode=11620901
[2013-09-11 11:10:15,850] DEBUG   
     scComId11111 = 11620901,orgCode=11620901
[2013-09-11 11:10:16,019] DEBUG   
     scComId11111 = 11620901,orgCode=11620901
[2013-09-11 11:10:16,908] DEBUG   
     scComId11111 = 11620901,orgCode=11620901
[2013-09-11 11:12:52,284] DEBUG   
     scComId11111 = 11610101,orgCode=11610101
[2013-09-11 11:16:30,116] DEBUG   
     scComId11111 = 11610101,orgCode=11610101
[2013-09-11 11:16:30,262] DEBUG   
     scComId11111 = 11620901,orgCode=11620901
[2013-09-11 11:18:50,425] DEBUG   
     scComId11111 = 11610101,orgCode=11610101
[2013-09-11 11:18:59,086] DEBUG   
     scComId11111 = 11620901,orgCode=11620901
[2013-09-11 11:19:16,243] DEBUG   
     scComId11111 = 11620901,orgCode=11620901
[2013-09-11 11:20:28,119] DEBUG   
     scComId11111 = 11620901,orgCode=11620901
[2013-09-11 11:20:37,830] DEBUG   
     scComId11111 = 11620901,orgCode=11620901
[2013-09-11 11:21:21,167] DEBUG   
     scComId11111 = 11620901,orgCode=11620901
[2013-09-11 11:23:02,291] DEBUG   
     scComId11111 = 11620901,orgCode=11620901
[2013-09-11 11:26:06,061] DEBUG   
     scComId11111 = 11610101,orgCode=11610101
[2013-09-11 11:27:27,458] DEBUG   
     scComId11111 = 11610101,orgCode=11610101
[2013-09-11 11:27:28,841] DEBUG   
     scComId11111 = 11610101,orgCode=11610101
[2013-09-11 11:27:47,660] DEBUG   
     scComId11111 = 11620901,orgCode=11620901
[2013-09-11 11:27:48,494] DEBUG   
     scComId11111 = 11620901,orgCode=11620901
[2013-09-11 11:27:50,507] DEBUG   
     scComId11111 = 11620901,orgCode=11620901
[2013-09-11 11:27:52,580] DEBUG   
     scComId11111 = 11620901,orgCode=11620901
[2013-09-11 11:27:53,461] DEBUG   
     scComId11111 = 11620901,orgCode=11620901
[2013-09-11 11:27:54,187] DEBUG   
     scComId11111 = 11620901,orgCode=11620901
[2013-09-11 11:27:54,426] DEBUG   
     scComId11111 = 11620901,orgCode=11620901
[2013-09-11 11:27:54,616] DEBUG   
     scComId11111 = 11620901,orgCode=11620901
[2013-09-11 11:27:54,791] DEBUG   
     scComId11111 = 11620901,orgCode=11620901
[2013-09-11 11:27:54,988] DEBUG   
     scComId11111 = 11620901,orgCode=11620901
[2013-09-11 11:27:55,197] DEBUG   
     scComId11111 = 11620901,orgCode=11620901
[2013-09-11 11:27:55,473] DEBUG   
     scComId11111 = 11620901,orgCode=11620901
[2013-09-11 11:27:55,752] DEBUG   
     scComId11111 = 11620901,orgCode=11620901
[2013-09-11 11:27:55,967] DEBUG   
     scComId11111 = 11620901,orgCode=11620901
[2013-09-11 11:27:56,156] DEBUG   
     scComId11111 = 11620901,orgCode=11620901
[2013-09-11 11:27:56,372] DEBUG   
     scComId11111 = 11620901,orgCode=11620901
[2013-09-11 11:27:56,638] DEBUG   
     scComId11111 = 11620901,orgCode=11620901
[2013-09-11 11:27:56,867] DEBUG   
     scComId11111 = 11620901,orgCode=11620901
[2013-09-11 11:27:57,080] DEBUG   
     scComId11111 = 11620901,orgCode=11620901
[2013-09-11 11:27:57,272] DEBUG   
     scComId11111 = 11620901,orgCode=11620901
[2013-09-11 11:28:05,480] DEBUG   
     scComId11111 = 11610101,orgCode=11610101
[2013-09-11 11:28:29,294] DEBUG   
     scComId11111 = 11610101,orgCode=11610101
[2013-09-11 11:28:29,688] DEBUG   
     scComId11111 = 11610101,orgCode=11610101
[2013-09-11 11:28:31,177] DEBUG   
     scComId11111 = 11610101,orgCode=11610101
[2013-09-11 11:28:32,687] DEBUG   
     scComId11111 = 11610101,orgCode=11610101
[2013-09-11 11:28:33,895] DEBUG   
     scComId11111 = 11610101,orgCode=11610101
[2013-09-11 11:28:34,847] DEBUG   
     scComId11111 = 11610101,orgCode=11610101
[2013-09-11 11:28:35,659] DEBUG   
     scComId11111 = 11610101,orgCode=11610101
[2013-09-11 11:28:36,901] DEBUG   
     scComId11111 = 11620901,orgCode=11620901
[2013-09-11 11:28:37,746] DEBUG   
     scComId11111 = 11620901,orgCode=11620901
[2013-09-11 11:28:37,886] DEBUG   
     scComId11111 = 11620901,orgCode=11620901
[2013-09-11 11:28:38,041] DEBUG   
     scComId11111 = 11620901,orgCode=11620901
[2013-09-11 11:28:38,173] DEBUG   
     scComId11111 = 11620901,orgCode=11620901
[2013-09-11 11:28:38,343] DEBUG   
     scComId11111 = 11620901,orgCode=11620901
[2013-09-11 11:28:42,529] DEBUG   
     scComId11111 = 11610101,orgCode=11610101
[2013-09-11 11:28:49,271] DEBUG   
     scComId11111 = 11610101,orgCode=11610101
[2013-09-11 11:28:52,384] DEBUG   
     scComId11111 = 11620901,orgCode=11620901
[2013-09-11 11:28:53,246] DEBUG   
     scComId11111 = 11620901,orgCode=11620901
[2013-09-11 11:28:53,426] DEBUG   
     scComId11111 = 11620901,orgCode=11620901
[2013-09-11 11:28:53,576] DEBUG   
     scComId11111 = 11620901,orgCode=11620901
[2013-09-11 11:28:53,755] DEBUG   
     scComId11111 = 11620901,orgCode=11620901
[2013-09-11 11:28:53,874] DEBUG   
     scComId11111 = 11620901,orgCode=11620901
[2013-09-11 11:28:54,012] DEBUG   
     scComId11111 = 11620901,orgCode=11620901
[2013-09-11 11:28:54,505] DEBUG   
     scComId11111 = 11610101,orgCode=11610101
[2013-09-11 11:29:09,951] DEBUG   
     scComId11111 = 11610101,orgCode=11610101
[2013-09-11 11:29:10,820] DEBUG   
     scComId11111 = 11610101,orgCode=11610101
[2013-09-11 11:29:11,580] DEBUG   
     scComId11111 = 11610101,orgCode=11610101
[2013-09-11 11:29:50,770] DEBUG   
     scComId11111 = 11610101,orgCode=11610101
[2013-09-11 11:29:52,965] DEBUG   
     scComId11111 = 11610101,orgCode=11610101
[2013-09-11 11:30:22,591] DEBUG   
     scComId11111 = 11620901,orgCode=11620901
[2013-09-11 11:30:26,148] DEBUG   
     scComId11111 = 11610101,orgCode=11610101
[2013-09-11 11:30:56,300] DEBUG   
     scComId11111 = 11610101,orgCode=11610101
[2013-09-11 11:30:57,439] DEBUG   
     scComId11111 = 11610101,orgCode=11610101
[2013-09-11 11:30:58,326] DEBUG   
     scComId11111 = 11610101,orgCode=11610101
[2013-09-11 11:30:59,177] DEBUG   
     scComId11111 = 11610101,orgCode=11610101
[2013-09-11 11:30:59,779] DEBUG   
     scComId11111 = 11610101,orgCode=11610101
[2013-09-11 11:31:01,859] DEBUG   
     scComId11111 = 11610101,orgCode=11610101
[2013-09-11 11:31:02,544] DEBUG   
     scComId11111 = 11610101,orgCode=11610101
[2013-09-11 11:31:31,753] DEBUG   
     scComId11111 = 11610101,orgCode=11610101
[2013-09-11 11:31:32,835] DEBUG   
     scComId11111 = 11610101,orgCode=11610101
[2013-09-11 11:31:43,298] DEBUG   
     scComId11111 = 11610101,orgCode=11610101
[2013-09-11 11:31:52,564] DEBUG   
     scComId11111 = 11620901,orgCode=11620901
[2013-09-11 11:31:53,271] DEBUG   
     scComId11111 = 11620901,orgCode=11620901
[2013-09-11 11:31:53,461] DEBUG   
     scComId11111 = 11620901,orgCode=11620901
[2013-09-11 11:31:53,833] DEBUG   
     scComId11111 = 11620901,orgCode=11620901
[2013-09-11 11:31:53,990] DEBUG   
     scComId11111 = 11620901,orgCode=11620901
[2013-09-11 11:32:42,038] DEBUG   
     scComId11111 = 11610101,orgCode=11610101
[2013-09-11 11:32:42,901] DEBUG   
     scComId11111 = 11610101,orgCode=11610101
[2013-09-11 11:35:30,564] DEBUG   
     scComId11111 = 11610101,orgCode=11610101
[2013-09-11 11:36:02,666] DEBUG   
     scComId11111 = 11610101,orgCode=11610101
[2013-09-11 11:39:28,705] DEBUG   
     scComId11111 = 11620901,orgCode=11620901
[2013-09-11 11:41:24,369] DEBUG   
     scComId11111 = 11620901,orgCode=11620901
[2013-09-11 11:42:04,677] DEBUG   
     scComId11111 = 11620901,orgCode=11620901
[2013-09-11 12:03:19,392] DEBUG   
     scComId11111 = 11610101,orgCode=11610101
[2013-09-11 12:03:47,848] DEBUG   
     scComId11111 = 11610101,orgCode=11610101
[2013-09-11 12:45:39,590] DEBUG   
     scComId11111 = 11610101,orgCode=11610101
[2013-09-11 12:51:38,180] DEBUG   
     scComId11111 = 11610101,orgCode=11610101
[2013-09-11 12:51:41,321] DEBUG   
     scComId11111 = 11610101,orgCode=11610101
[2013-09-11 12:59:18,535] DEBUG   
     scComId11111 = 11610101,orgCode=11610101
[2013-09-11 12:59:26,981] DEBUG   
     scComId11111 = 11610101,orgCode=11610101
[2013-09-11 13:09:52,042] DEBUG   
     scComId11111 = 11610101,orgCode=11610101
[2013-09-11 13:27:04,614] DEBUG   
     scComId11111 = 11620901,orgCode=11620901
[2013-09-11 13:27:21,792] DEBUG   
     scComId11111 = 11620901,orgCode=11620901
[2013-09-11 13:32:50,091] DEBUG   
     scComId11111 = 11610101,orgCode=11610101
[2013-09-11 13:58:29,022] DEBUG   
     scComId11111 = 11620901,orgCode=11620901
[2013-09-11 14:06:04,697] DEBUG   
     scComId11111 = 11610101,orgCode=11610101
[2013-09-11 14:18:42,930] DEBUG   
     scComId11111 = 11610101,orgCode=11610101
[2013-09-11 14:29:29,371] DEBUG   
     scComId11111 = 11610101,orgCode=11610101
[2013-09-11 14:33:41,865] DEBUG   
     scComId11111 = 11610101,orgCode=11610101
[2013-09-11 14:34:16,013] DEBUG   
     scComId11111 = 11610101,orgCode=11610101
[2013-09-11 14:34:49,074] DEBUG   
     scComId11111 = 11610101,orgCode=11610101
[2013-09-11 14:36:27,009] DEBUG   
     scComId11111 = 11610101,orgCode=11610101
[2013-09-11 15:02:45,017] DEBUG   
     scComId11111 = 11610101,orgCode=11610101
[2013-09-11 15:03:27,685] DEBUG   
     scComId11111 = 11610101,orgCode=11610101
[2013-09-11 15:04:00,429] DEBUG   
     scComId11111 = 11610101,orgCode=11610101
[2013-09-11 15:07:36,540] DEBUG   
     scComId11111 = 11610101,orgCode=11610101
[2013-09-11 15:16:57,664] DEBUG   
     scComId11111 = 11620901,orgCode=11620901
[2013-09-11 15:25:10,953] DEBUG   
     scComId11111 = 11610101,orgCode=11610101
[2013-09-11 15:26:49,721] DEBUG   
     scComId11111 = 11610101,orgCode=11610101
[2013-09-11 16:00:29,314] DEBUG   
     scComId11111 = 11610101,orgCode=11610101
[2013-09-11 16:10:07,629] DEBUG   
     scComId11111 = 11610101,orgCode=11610101
[2013-09-11 16:12:51,415] DEBUG   
     scComId11111 = 11610101,orgCode=11610101
[2013-09-11 16:21:09,468] DEBUG   
     scComId11111 = 11610101,orgCode=11610101
[2013-09-11 16:25:42,737] DEBUG   
     scComId11111 = 11610101,orgCode=11610101
[2013-09-11 16:31:12,515] DEBUG   
     scComId11111 = 11610101,orgCode=11610101
[2013-09-11 16:32:40,824] DEBUG   
     scComId11111 = 11610101,orgCode=11610101
[2013-09-11 16:39:37,817] DEBUG   
     scComId11111 = 11610101,orgCode=11610101
[2013-09-11 16:40:27,959] DEBUG   
     scComId11111 = 11610101,orgCode=11610101
[2013-09-11 16:44:57,416] DEBUG   
     scComId11111 = 11610101,orgCode=11610101
[2013-09-11 16:51:48,823] DEBUG   
     scComId11111 = 11620901,orgCode=11620901
[2013-09-11 16:54:05,491] DEBUG   
     scComId11111 = 11610101,orgCode=11610101
[2013-09-11 16:59:53,835] DEBUG   
     scComId11111 = 11610101,orgCode=11610101
[2013-09-11 16:59:54,912] DEBUG   
     scComId11111 = 11610101,orgCode=11610101
[2013-09-11 17:00:07,859] DEBUG   
     scComId11111 = 11610101,orgCode=11610101
[2013-09-11 17:03:46,298] DEBUG   
     scComId11111 = 11610101,orgCode=11610101
[2013-09-11 17:03:49,166] DEBUG   
     scComId11111 = 11610101,orgCode=11610101
[2013-09-11 17:04:07,329] DEBUG   
     scComId11111 = 11610101,orgCode=11610101
[2013-09-11 17:05:19,449] DEBUG   
     scComId11111 = 11620901,orgCode=11620901
[2013-09-11 17:05:26,150] DEBUG   
     scComId11111 = 11620901,orgCode=11620901
[2013-09-11 17:05:27,451] DEBUG   
     scComId11111 = 11620901,orgCode=11620901
[2013-09-11 17:05:34,878] DEBUG   
     scComId11111 = 11620901,orgCode=11620901
