[2013-11-18 14:46:16,385] DEBUG   
     doRemindMessageReply map={comId=11610101, userName=西安烟草公司, userId=SXXAYCGS}
[2013-11-18 14:46:16,385] DEBUG   
     doRemindMessageReply sql= SELECT COUNT(distinct SC_INBOX.MAIL_ID) COUNT FROM SC_INBOX_USERS,SC_INBOX WHERE SC_INBOX_USERS.MAIL_ID=SC_INBOX.MAIL_ID AND ( SC_INBOX.STATUS='20' OR SC_INBOX.STATUS='23') AND  USER_ID=?
[2013-11-18 14:46:16,418] DEBUG   
     doRemindMessageReply map={comId=11610101, userName=西安烟草公司, userId=SXXAYCGS}
[2013-11-18 14:46:16,419] DEBUG   
     doRemindMessageReply sql= SELECT COUNT(distinct SC_INBOX.MAIL_ID) COUNT FROM SC_INBOX_USERS,SC_INBOX WHERE SC_INBOX_USERS.MAIL_ID=SC_INBOX.MAIL_ID AND ( SC_INBOX.STATUS='20' OR SC_INBOX.STATUS='23') AND  USER_ID=?
[2013-11-18 15:39:57,549] DEBUG   
     doRemindMessageReply map={comId=11620901, userName=酒泉网络管理员, userId=GSJQADMIN}
[2013-11-18 15:39:57,549] DEBUG   
     doRemindMessageReply sql= SELECT COUNT(distinct SC_INBOX.MAIL_ID) COUNT FROM SC_INBOX_USERS,SC_INBOX WHERE SC_INBOX_USERS.MAIL_ID=SC_INBOX.MAIL_ID AND ( SC_INBOX.STATUS='20' OR SC_INBOX.STATUS='23') AND  USER_ID=?
[2013-11-18 15:39:57,628] DEBUG   
     传输的消息 :{to_name=酒泉网络管理员, msg=有[47]条留言未处理，请处理！, type=1400, from=GSJQADMIN, to_user_type=, from_name=系统, to_type=1, to=GSJQADMIN}
[2013-11-18 15:39:57,734] DEBUG   
     doRemindMessageReply map={comId=11620901, userName=酒泉网络管理员, userId=GSJQADMIN}
[2013-11-18 15:39:57,734] DEBUG   
     doRemindMessageReply sql= SELECT COUNT(distinct SC_INBOX.MAIL_ID) COUNT FROM SC_INBOX_USERS,SC_INBOX WHERE SC_INBOX_USERS.MAIL_ID=SC_INBOX.MAIL_ID AND ( SC_INBOX.STATUS='20' OR SC_INBOX.STATUS='23') AND  USER_ID=?
[2013-11-18 15:39:57,737] DEBUG   
     传输的消息 :{to_name=酒泉网络管理员, msg=有[47]条留言未处理，请处理！, type=1400, from=GSJQADMIN, to_user_type=, from_name=系统, to_type=1, to=GSJQADMIN}
[2013-11-18 16:10:19,407] DEBUG   
     doRemindMessageReply map={comId=11620901, userName=酒泉网络管理员, userId=GSJQADMIN}
[2013-11-18 16:10:19,407] DEBUG   
     doRemindMessageReply sql= SELECT COUNT(distinct SC_INBOX.MAIL_ID) COUNT FROM SC_INBOX_USERS,SC_INBOX WHERE SC_INBOX_USERS.MAIL_ID=SC_INBOX.MAIL_ID AND ( SC_INBOX.STATUS='20' OR SC_INBOX.STATUS='23') AND  USER_ID=?
[2013-11-18 16:10:19,411] DEBUG   
     传输的消息 :{to_name=酒泉网络管理员, msg=有[47]条留言未处理，请处理！, type=1400, from=GSJQADMIN, to_user_type=, from_name=系统, to_type=1, to=GSJQADMIN}
[2013-11-18 16:10:19,733] DEBUG   
     doRemindMessageReply map={comId=11620901, userName=酒泉网络管理员, userId=GSJQADMIN}
[2013-11-18 16:10:19,734] DEBUG   
     doRemindMessageReply sql= SELECT COUNT(distinct SC_INBOX.MAIL_ID) COUNT FROM SC_INBOX_USERS,SC_INBOX WHERE SC_INBOX_USERS.MAIL_ID=SC_INBOX.MAIL_ID AND ( SC_INBOX.STATUS='20' OR SC_INBOX.STATUS='23') AND  USER_ID=?
[2013-11-18 16:10:19,737] DEBUG   
     传输的消息 :{to_name=酒泉网络管理员, msg=有[47]条留言未处理，请处理！, type=1400, from=GSJQADMIN, to_user_type=, from_name=系统, to_type=1, to=GSJQADMIN}
[2013-11-18 16:57:54,159] DEBUG   
     doRemindMessageReply map={comId=11620901, userName=酒泉网络管理员, userId=GSJQADMIN}
[2013-11-18 16:57:54,162] DEBUG   
     doRemindMessageReply sql= SELECT COUNT(distinct SC_INBOX.MAIL_ID) COUNT FROM SC_INBOX_USERS,SC_INBOX WHERE SC_INBOX_USERS.MAIL_ID=SC_INBOX.MAIL_ID AND ( SC_INBOX.STATUS='20' OR SC_INBOX.STATUS='23') AND  USER_ID=?
[2013-11-18 16:57:54,195] DEBUG   
     doRemindMessageReply map={comId=11620901, userName=酒泉网络管理员, userId=GSJQADMIN}
[2013-11-18 16:57:54,195] DEBUG   
     doRemindMessageReply sql= SELECT COUNT(distinct SC_INBOX.MAIL_ID) COUNT FROM SC_INBOX_USERS,SC_INBOX WHERE SC_INBOX_USERS.MAIL_ID=SC_INBOX.MAIL_ID AND ( SC_INBOX.STATUS='20' OR SC_INBOX.STATUS='23') AND  USER_ID=?
[2013-11-18 16:57:54,275] DEBUG   
     传输的消息 :{to_name=酒泉网络管理员, msg=有[47]条留言未处理，请处理！, type=1400, from=GSJQADMIN, to_user_type=, from_name=系统, to_type=1, to=GSJQADMIN}
[2013-11-18 16:57:54,294] DEBUG   
     传输的消息 :{to_name=酒泉网络管理员, msg=有[47]条留言未处理，请处理！, type=1400, from=GSJQADMIN, to_user_type=, from_name=系统, to_type=1, to=GSJQADMIN}
[2013-11-18 17:18:12,954] DEBUG   
     doRemindMessageReply map={comId=11620901, userName=酒泉网络管理员, userId=GSJQADMIN}
[2013-11-18 17:18:12,954] DEBUG   
     doRemindMessageReply sql= SELECT COUNT(distinct SC_INBOX.MAIL_ID) COUNT FROM SC_INBOX_USERS,SC_INBOX WHERE SC_INBOX_USERS.MAIL_ID=SC_INBOX.MAIL_ID AND ( SC_INBOX.STATUS='20' OR SC_INBOX.STATUS='23') AND  USER_ID=?
[2013-11-18 17:18:12,972] DEBUG   
     传输的消息 :{to_name=酒泉网络管理员, msg=有[47]条留言未处理，请处理！, type=1400, from=GSJQADMIN, to_user_type=, from_name=系统, to_type=1, to=GSJQADMIN}
[2013-11-18 17:45:39,442] DEBUG   
     doRemindMessageReply map={comId=11610101, userName=西安管理员, userId=XAGLY}
[2013-11-18 17:45:39,442] DEBUG   
     doRemindMessageReply sql= SELECT COUNT(distinct SC_INBOX.MAIL_ID) COUNT FROM SC_INBOX_USERS,SC_INBOX WHERE SC_INBOX_USERS.MAIL_ID=SC_INBOX.MAIL_ID AND ( SC_INBOX.STATUS='20' OR SC_INBOX.STATUS='23') AND  USER_ID=?
[2013-11-18 18:09:15,370] DEBUG   
     doRemindMessageReply map={comId=11620901, userName=山东中烟工业有限责任公司, userId=LIANGZHU2000}
[2013-11-18 18:09:15,370] DEBUG   
     doRemindMessageReply sql= SELECT COUNT(distinct SC_INBOX.MAIL_ID) COUNT FROM SC_INBOX_USERS,SC_INBOX WHERE SC_INBOX_USERS.MAIL_ID=SC_INBOX.MAIL_ID AND ( SC_INBOX.STATUS='20' OR SC_INBOX.STATUS='23') AND  USER_ID=?
[2013-11-19 15:09:19,997] DEBUG   
     doRemindMessageReply map={comId=11620901, userName=山东中烟工业有限责任公司, userId=LIANGZHU2000}
[2013-11-19 15:09:20,000] DEBUG   
     doRemindMessageReply sql= SELECT COUNT(distinct SC_INBOX.MAIL_ID) COUNT FROM SC_INBOX_USERS,SC_INBOX WHERE SC_INBOX_USERS.MAIL_ID=SC_INBOX.MAIL_ID AND ( SC_INBOX.STATUS='20' OR SC_INBOX.STATUS='23') AND  USER_ID=?
[2013-11-19 15:29:30,477] DEBUG   
     doRemindMessageReply map={comId=11620901, userName=山东中烟工业有限责任公司, userId=LIANGZHU2000}
[2013-11-19 15:29:30,479] DEBUG   
     doRemindMessageReply sql= SELECT COUNT(distinct SC_INBOX.MAIL_ID) COUNT FROM SC_INBOX_USERS,SC_INBOX WHERE SC_INBOX_USERS.MAIL_ID=SC_INBOX.MAIL_ID AND ( SC_INBOX.STATUS='20' OR SC_INBOX.STATUS='23') AND  USER_ID=?
